{"/Users/elenarodriguez/bootcamp/collab/skylab-bootcamp-201909/staff/elena-rodriguez/upbeat/upbeat-api/logic/add-instruments/index.spec.js":{"path":"/Users/elenarodriguez/bootcamp/collab/skylab-bootcamp-201909/staff/elena-rodriguez/upbeat/upbeat-api/logic/add-instruments/index.spec.js","statementMap":{"0":{"start":{"line":1,"column":0},"end":{"line":1,"column":26}},"1":{"start":{"line":2,"column":33},"end":{"line":2,"column":40}},"2":{"start":{"line":3,"column":19},"end":{"line":3,"column":34}},"3":{"start":{"line":4,"column":23},"end":{"line":4,"column":35}},"4":{"start":{"line":5,"column":19},"end":{"line":5,"column":23}},"5":{"start":{"line":6,"column":37},"end":{"line":6,"column":59}},"6":{"start":{"line":7,"column":45},"end":{"line":7,"column":67}},"7":{"start":{"line":10,"column":0},"end":{"line":63,"column":2}},"8":{"start":{"line":13,"column":4},"end":{"line":13,"column":47}},"9":{"start":{"line":13,"column":17},"end":{"line":13,"column":46}},"10":{"start":{"line":16,"column":4},"end":{"line":16,"column":29}},"11":{"start":{"line":17,"column":4},"end":{"line":17,"column":186}},"12":{"start":{"line":19,"column":4},"end":{"line":34,"column":6}},"13":{"start":{"line":20,"column":8},"end":{"line":20,"column":31}},"14":{"start":{"line":22,"column":8},"end":{"line":22,"column":41}},"15":{"start":{"line":23,"column":8},"end":{"line":23,"column":44}},"16":{"start":{"line":24,"column":8},"end":{"line":24,"column":41}},"17":{"start":{"line":25,"column":8},"end":{"line":25,"column":59}},"18":{"start":{"line":26,"column":8},"end":{"line":26,"column":28}},"19":{"start":{"line":27,"column":8},"end":{"line":27,"column":27}},"20":{"start":{"line":28,"column":8},"end":{"line":28,"column":31}},"21":{"start":{"line":29,"column":8},"end":{"line":29,"column":42}},"22":{"start":{"line":31,"column":8},"end":{"line":31,"column":126}},"23":{"start":{"line":32,"column":8},"end":{"line":32,"column":20}},"24":{"start":{"line":36,"column":4},"end":{"line":43,"column":6}},"25":{"start":{"line":37,"column":23},"end":{"line":37,"column":42}},"26":{"start":{"line":38,"column":25},"end":{"line":38,"column":57}},"27":{"start":{"line":39,"column":8},"end":{"line":39,"column":40}},"28":{"start":{"line":40,"column":21},"end":{"line":40,"column":44}},"29":{"start":{"line":41,"column":8},"end":{"line":41,"column":66}},"30":{"start":{"line":45,"column":4},"end":{"line":59,"column":6}},"31":{"start":{"line":46,"column":23},"end":{"line":46,"column":42}},"32":{"start":{"line":47,"column":8},"end":{"line":56,"column":9}},"33":{"start":{"line":48,"column":29},"end":{"line":48,"column":61}},"34":{"start":{"line":49,"column":12},"end":{"line":49,"column":54}},"35":{"start":{"line":51,"column":12},"end":{"line":51,"column":34}},"36":{"start":{"line":52,"column":12},"end":{"line":52,"column":42}},"37":{"start":{"line":53,"column":12},"end":{"line":53,"column":59}},"38":{"start":{"line":54,"column":12},"end":{"line":54,"column":61}},"39":{"start":{"line":55,"column":12},"end":{"line":55,"column":68}},"40":{"start":{"line":62,"column":4},"end":{"line":62,"column":60}},"41":{"start":{"line":62,"column":16},"end":{"line":62,"column":59}}},"fnMap":{"0":{"name":"(anonymous_0)","decl":{"start":{"line":10,"column":35},"end":{"line":10,"column":36}},"loc":{"start":{"line":10,"column":41},"end":{"line":63,"column":1}},"line":10},"1":{"name":"(anonymous_1)","decl":{"start":{"line":13,"column":11},"end":{"line":13,"column":12}},"loc":{"start":{"line":13,"column":17},"end":{"line":13,"column":46}},"line":13},"2":{"name":"(anonymous_2)","decl":{"start":{"line":19,"column":15},"end":{"line":19,"column":16}},"loc":{"start":{"line":19,"column":27},"end":{"line":34,"column":5}},"line":19},"3":{"name":"(anonymous_3)","decl":{"start":{"line":36,"column":44},"end":{"line":36,"column":45}},"loc":{"start":{"line":36,"column":56},"end":{"line":43,"column":5}},"line":36},"4":{"name":"(anonymous_4)","decl":{"start":{"line":45,"column":47},"end":{"line":45,"column":48}},"loc":{"start":{"line":45,"column":58},"end":{"line":59,"column":5}},"line":45},"5":{"name":"(anonymous_5)","decl":{"start":{"line":62,"column":10},"end":{"line":62,"column":11}},"loc":{"start":{"line":62,"column":16},"end":{"line":62,"column":59}},"line":62}},"branchMap":{},"s":{"0":1,"1":1,"2":1,"3":1,"4":1,"5":1,"6":1,"7":1,"8":1,"9":0,"10":1,"11":1,"12":1,"13":0,"14":0,"15":0,"16":0,"17":0,"18":0,"19":0,"20":0,"21":0,"22":0,"23":0,"24":1,"25":0,"26":0,"27":0,"28":0,"29":0,"30":1,"31":0,"32":0,"33":0,"34":0,"35":0,"36":0,"37":0,"38":0,"39":0,"40":1,"41":0},"f":{"0":1,"1":0,"2":0,"3":0,"4":0,"5":0},"b":{},"_coverageSchema":"43e27e138ebf9cfc5966b082cf9a028302ed4184","hash":"13403121f5970b3ef476075ecefb7f398c358c8c","contentHash":"0de8d6aeba896b0a79ad6813c6c2ca70ef0d3c481cb1953d5af4a515f170decd"},"/Users/elenarodriguez/bootcamp/collab/skylab-bootcamp-201909/staff/elena-rodriguez/upbeat/upbeat-api/logic/add-instruments/index.js":{"path":"/Users/elenarodriguez/bootcamp/collab/skylab-bootcamp-201909/staff/elena-rodriguez/upbeat/upbeat-api/logic/add-instruments/index.js","statementMap":{"0":{"start":{"line":1,"column":62},"end":{"line":1,"column":84}},"1":{"start":{"line":2,"column":39},"end":{"line":2,"column":61}},"2":{"start":{"line":3,"column":0},"end":{"line":3,"column":182}},"3":{"start":{"line":5,"column":0},"end":{"line":29,"column":1}},"4":{"start":{"line":6,"column":4},"end":{"line":6,"column":23}},"5":{"start":{"line":7,"column":4},"end":{"line":7,"column":37}},"6":{"start":{"line":8,"column":4},"end":{"line":8,"column":80}},"7":{"start":{"line":8,"column":31},"end":{"line":8,"column":80}},"8":{"start":{"line":9,"column":4},"end":{"line":9,"column":26}},"9":{"start":{"line":12,"column":4},"end":{"line":28,"column":8}},"10":{"start":{"line":13,"column":21},"end":{"line":13,"column":44}},"11":{"start":{"line":14,"column":8},"end":{"line":14,"column":74}},"12":{"start":{"line":14,"column":19},"end":{"line":14,"column":74}},"13":{"start":{"line":16,"column":8},"end":{"line":23,"column":10}},"14":{"start":{"line":17,"column":12},"end":{"line":21,"column":13}},"15":{"start":{"line":17,"column":48},"end":{"line":17,"column":93}},"16":{"start":{"line":19,"column":16},"end":{"line":20,"column":51}},"17":{"start":{"line":20,"column":17},"end":{"line":20,"column":50}},"18":{"start":{"line":26,"column":8},"end":{"line":26,"column":66}}},"fnMap":{"0":{"name":"(anonymous_0)","decl":{"start":{"line":5,"column":17},"end":{"line":5,"column":18}},"loc":{"start":{"line":5,"column":39},"end":{"line":29,"column":1}},"line":5},"1":{"name":"(anonymous_1)","decl":{"start":{"line":12,"column":12},"end":{"line":12,"column":13}},"loc":{"start":{"line":12,"column":24},"end":{"line":28,"column":5}},"line":12},"2":{"name":"(anonymous_2)","decl":{"start":{"line":16,"column":23},"end":{"line":16,"column":24}},"loc":{"start":{"line":16,"column":30},"end":{"line":23,"column":9}},"line":16}},"branchMap":{"0":{"loc":{"start":{"line":8,"column":4},"end":{"line":8,"column":80}},"type":"if","locations":[{"start":{"line":8,"column":4},"end":{"line":8,"column":80}},{"start":{"line":8,"column":4},"end":{"line":8,"column":80}}],"line":8},"1":{"loc":{"start":{"line":14,"column":8},"end":{"line":14,"column":74}},"type":"if","locations":[{"start":{"line":14,"column":8},"end":{"line":14,"column":74}},{"start":{"line":14,"column":8},"end":{"line":14,"column":74}}],"line":14},"2":{"loc":{"start":{"line":17,"column":12},"end":{"line":21,"column":13}},"type":"if","locations":[{"start":{"line":17,"column":12},"end":{"line":21,"column":13}},{"start":{"line":17,"column":12},"end":{"line":21,"column":13}}],"line":17},"3":{"loc":{"start":{"line":19,"column":16},"end":{"line":20,"column":51}},"type":"if","locations":[{"start":{"line":19,"column":16},"end":{"line":20,"column":51}},{"start":{"line":19,"column":16},"end":{"line":20,"column":51}}],"line":19}},"s":{"0":1,"1":1,"2":1,"3":1,"4":0,"5":0,"6":0,"7":0,"8":0,"9":0,"10":0,"11":0,"12":0,"13":0,"14":0,"15":0,"16":0,"17":0,"18":0},"f":{"0":0,"1":0,"2":0},"b":{"0":[0,0],"1":[0,0],"2":[0,0],"3":[0,0]},"_coverageSchema":"43e27e138ebf9cfc5966b082cf9a028302ed4184","hash":"e69f3ccdea2ea4fbb79e0479d932831f01d0af30","contentHash":"4e13a289a5b5adbba0f65947ea89a1a76fd4d56599f70b5f45333f492581986a"},"/Users/elenarodriguez/bootcamp/collab/skylab-bootcamp-201909/staff/elena-rodriguez/upbeat/upbeat-api/logic/authenticate-user/index.spec.js":{"path":"/Users/elenarodriguez/bootcamp/collab/skylab-bootcamp-201909/staff/elena-rodriguez/upbeat/upbeat-api/logic/authenticate-user/index.spec.js","statementMap":{"0":{"start":{"line":1,"column":0},"end":{"line":1,"column":26}},"1":{"start":{"line":2,"column":33},"end":{"line":2,"column":40}},"2":{"start":{"line":3,"column":19},"end":{"line":3,"column":34}},"3":{"start":{"line":4,"column":25},"end":{"line":4,"column":37}},"4":{"start":{"line":5,"column":19},"end":{"line":5,"column":23}},"5":{"start":{"line":6,"column":55},"end":{"line":6,"column":77}},"6":{"start":{"line":7,"column":39},"end":{"line":7,"column":61}},"7":{"start":{"line":8,"column":15},"end":{"line":8,"column":34}},"8":{"start":{"line":10,"column":0},"end":{"line":100,"column":2}},"9":{"start":{"line":11,"column":4},"end":{"line":11,"column":47}},"10":{"start":{"line":11,"column":17},"end":{"line":11,"column":46}},"11":{"start":{"line":14,"column":4},"end":{"line":14,"column":28}},"12":{"start":{"line":16,"column":4},"end":{"line":29,"column":6}},"13":{"start":{"line":17,"column":8},"end":{"line":17,"column":41}},"14":{"start":{"line":18,"column":8},"end":{"line":18,"column":44}},"15":{"start":{"line":19,"column":8},"end":{"line":19,"column":41}},"16":{"start":{"line":20,"column":8},"end":{"line":20,"column":47}},"17":{"start":{"line":21,"column":8},"end":{"line":21,"column":57}},"18":{"start":{"line":22,"column":8},"end":{"line":22,"column":41}},"19":{"start":{"line":25,"column":8},"end":{"line":25,"column":31}},"20":{"start":{"line":27,"column":21},"end":{"line":27,"column":90}},"21":{"start":{"line":28,"column":8},"end":{"line":28,"column":20}},"22":{"start":{"line":31,"column":4},"end":{"line":39,"column":6}},"23":{"start":{"line":32,"column":23},"end":{"line":32,"column":62}},"24":{"start":{"line":34,"column":8},"end":{"line":34,"column":31}},"25":{"start":{"line":35,"column":8},"end":{"line":35,"column":48}},"26":{"start":{"line":36,"column":8},"end":{"line":36,"column":50}},"27":{"start":{"line":38,"column":8},"end":{"line":38,"column":35}},"28":{"start":{"line":41,"column":4},"end":{"line":73,"column":6}},"29":{"start":{"line":42,"column":8},"end":{"line":56,"column":10}},"30":{"start":{"line":43,"column":26},"end":{"line":43,"column":40}},"31":{"start":{"line":45,"column":12},"end":{"line":55,"column":13}},"32":{"start":{"line":46,"column":16},"end":{"line":46,"column":55}},"33":{"start":{"line":48,"column":16},"end":{"line":48,"column":62}},"34":{"start":{"line":50,"column":16},"end":{"line":50,"column":38}},"35":{"start":{"line":51,"column":16},"end":{"line":51,"column":67}},"36":{"start":{"line":53,"column":36},"end":{"line":53,"column":41}},"37":{"start":{"line":54,"column":16},"end":{"line":54,"column":61}},"38":{"start":{"line":58,"column":8},"end":{"line":72,"column":10}},"39":{"start":{"line":59,"column":29},"end":{"line":59,"column":36}},"40":{"start":{"line":61,"column":12},"end":{"line":71,"column":13}},"41":{"start":{"line":62,"column":16},"end":{"line":62,"column":55}},"42":{"start":{"line":64,"column":16},"end":{"line":64,"column":62}},"43":{"start":{"line":66,"column":16},"end":{"line":66,"column":38}},"44":{"start":{"line":67,"column":16},"end":{"line":67,"column":67}},"45":{"start":{"line":69,"column":36},"end":{"line":69,"column":41}},"46":{"start":{"line":70,"column":16},"end":{"line":70,"column":61}},"47":{"start":{"line":75,"column":4},"end":{"line":95,"column":6}},"48":{"start":{"line":76,"column":8},"end":{"line":76,"column":82}},"49":{"start":{"line":76,"column":21},"end":{"line":76,"column":40}},"50":{"start":{"line":77,"column":8},"end":{"line":77,"column":88}},"51":{"start":{"line":77,"column":21},"end":{"line":77,"column":43}},"52":{"start":{"line":78,"column":8},"end":{"line":78,"column":82}},"53":{"start":{"line":78,"column":21},"end":{"line":78,"column":41}},"54":{"start":{"line":79,"column":8},"end":{"line":79,"column":97}},"55":{"start":{"line":79,"column":21},"end":{"line":79,"column":41}},"56":{"start":{"line":80,"column":8},"end":{"line":80,"column":98}},"57":{"start":{"line":80,"column":21},"end":{"line":80,"column":48}},"58":{"start":{"line":81,"column":8},"end":{"line":81,"column":88}},"59":{"start":{"line":81,"column":21},"end":{"line":81,"column":43}},"60":{"start":{"line":83,"column":8},"end":{"line":83,"column":93}},"61":{"start":{"line":83,"column":21},"end":{"line":83,"column":41}},"62":{"start":{"line":84,"column":8},"end":{"line":84,"column":98}},"63":{"start":{"line":84,"column":21},"end":{"line":84,"column":46}},"64":{"start":{"line":86,"column":8},"end":{"line":86,"column":89}},"65":{"start":{"line":86,"column":21},"end":{"line":86,"column":47}},"66":{"start":{"line":87,"column":8},"end":{"line":87,"column":95}},"67":{"start":{"line":87,"column":21},"end":{"line":87,"column":50}},"68":{"start":{"line":88,"column":8},"end":{"line":88,"column":89}},"69":{"start":{"line":88,"column":21},"end":{"line":88,"column":48}},"70":{"start":{"line":89,"column":8},"end":{"line":89,"column":104}},"71":{"start":{"line":89,"column":21},"end":{"line":89,"column":48}},"72":{"start":{"line":90,"column":8},"end":{"line":90,"column":105}},"73":{"start":{"line":90,"column":21},"end":{"line":90,"column":55}},"74":{"start":{"line":91,"column":8},"end":{"line":91,"column":95}},"75":{"start":{"line":91,"column":21},"end":{"line":91,"column":50}},"76":{"start":{"line":93,"column":8},"end":{"line":93,"column":102}},"77":{"start":{"line":93,"column":21},"end":{"line":93,"column":48}},"78":{"start":{"line":94,"column":8},"end":{"line":94,"column":107}},"79":{"start":{"line":94,"column":21},"end":{"line":94,"column":53}},"80":{"start":{"line":99,"column":4},"end":{"line":99,"column":60}},"81":{"start":{"line":99,"column":16},"end":{"line":99,"column":59}}},"fnMap":{"0":{"name":"(anonymous_0)","decl":{"start":{"line":10,"column":38},"end":{"line":10,"column":39}},"loc":{"start":{"line":10,"column":44},"end":{"line":100,"column":1}},"line":10},"1":{"name":"(anonymous_1)","decl":{"start":{"line":11,"column":11},"end":{"line":11,"column":12}},"loc":{"start":{"line":11,"column":17},"end":{"line":11,"column":46}},"line":11},"2":{"name":"(anonymous_2)","decl":{"start":{"line":16,"column":15},"end":{"line":16,"column":16}},"loc":{"start":{"line":16,"column":27},"end":{"line":29,"column":5}},"line":16},"3":{"name":"(anonymous_3)","decl":{"start":{"line":31,"column":48},"end":{"line":31,"column":49}},"loc":{"start":{"line":31,"column":60},"end":{"line":39,"column":5}},"line":31},"4":{"name":"(anonymous_4)","decl":{"start":{"line":41,"column":39},"end":{"line":41,"column":40}},"loc":{"start":{"line":41,"column":45},"end":{"line":73,"column":5}},"line":41},"5":{"name":"(anonymous_5)","decl":{"start":{"line":42,"column":41},"end":{"line":42,"column":42}},"loc":{"start":{"line":42,"column":53},"end":{"line":56,"column":9}},"line":42},"6":{"name":"(anonymous_6)","decl":{"start":{"line":58,"column":44},"end":{"line":58,"column":45}},"loc":{"start":{"line":58,"column":56},"end":{"line":72,"column":9}},"line":58},"7":{"name":"(anonymous_7)","decl":{"start":{"line":75,"column":83},"end":{"line":75,"column":84}},"loc":{"start":{"line":75,"column":89},"end":{"line":95,"column":5}},"line":75},"8":{"name":"(anonymous_8)","decl":{"start":{"line":76,"column":15},"end":{"line":76,"column":16}},"loc":{"start":{"line":76,"column":21},"end":{"line":76,"column":40}},"line":76},"9":{"name":"(anonymous_9)","decl":{"start":{"line":77,"column":15},"end":{"line":77,"column":16}},"loc":{"start":{"line":77,"column":21},"end":{"line":77,"column":43}},"line":77},"10":{"name":"(anonymous_10)","decl":{"start":{"line":78,"column":15},"end":{"line":78,"column":16}},"loc":{"start":{"line":78,"column":21},"end":{"line":78,"column":41}},"line":78},"11":{"name":"(anonymous_11)","decl":{"start":{"line":79,"column":15},"end":{"line":79,"column":16}},"loc":{"start":{"line":79,"column":21},"end":{"line":79,"column":41}},"line":79},"12":{"name":"(anonymous_12)","decl":{"start":{"line":80,"column":15},"end":{"line":80,"column":16}},"loc":{"start":{"line":80,"column":21},"end":{"line":80,"column":48}},"line":80},"13":{"name":"(anonymous_13)","decl":{"start":{"line":81,"column":15},"end":{"line":81,"column":16}},"loc":{"start":{"line":81,"column":21},"end":{"line":81,"column":43}},"line":81},"14":{"name":"(anonymous_14)","decl":{"start":{"line":83,"column":15},"end":{"line":83,"column":16}},"loc":{"start":{"line":83,"column":21},"end":{"line":83,"column":41}},"line":83},"15":{"name":"(anonymous_15)","decl":{"start":{"line":84,"column":15},"end":{"line":84,"column":16}},"loc":{"start":{"line":84,"column":21},"end":{"line":84,"column":46}},"line":84},"16":{"name":"(anonymous_16)","decl":{"start":{"line":86,"column":15},"end":{"line":86,"column":16}},"loc":{"start":{"line":86,"column":21},"end":{"line":86,"column":47}},"line":86},"17":{"name":"(anonymous_17)","decl":{"start":{"line":87,"column":15},"end":{"line":87,"column":16}},"loc":{"start":{"line":87,"column":21},"end":{"line":87,"column":50}},"line":87},"18":{"name":"(anonymous_18)","decl":{"start":{"line":88,"column":15},"end":{"line":88,"column":16}},"loc":{"start":{"line":88,"column":21},"end":{"line":88,"column":48}},"line":88},"19":{"name":"(anonymous_19)","decl":{"start":{"line":89,"column":15},"end":{"line":89,"column":16}},"loc":{"start":{"line":89,"column":21},"end":{"line":89,"column":48}},"line":89},"20":{"name":"(anonymous_20)","decl":{"start":{"line":90,"column":15},"end":{"line":90,"column":16}},"loc":{"start":{"line":90,"column":21},"end":{"line":90,"column":55}},"line":90},"21":{"name":"(anonymous_21)","decl":{"start":{"line":91,"column":15},"end":{"line":91,"column":16}},"loc":{"start":{"line":91,"column":21},"end":{"line":91,"column":50}},"line":91},"22":{"name":"(anonymous_22)","decl":{"start":{"line":93,"column":15},"end":{"line":93,"column":16}},"loc":{"start":{"line":93,"column":21},"end":{"line":93,"column":48}},"line":93},"23":{"name":"(anonymous_23)","decl":{"start":{"line":94,"column":15},"end":{"line":94,"column":16}},"loc":{"start":{"line":94,"column":21},"end":{"line":94,"column":53}},"line":94},"24":{"name":"(anonymous_24)","decl":{"start":{"line":99,"column":10},"end":{"line":99,"column":11}},"loc":{"start":{"line":99,"column":16},"end":{"line":99,"column":59}},"line":99}},"branchMap":{},"s":{"0":1,"1":1,"2":1,"3":1,"4":1,"5":1,"6":1,"7":1,"8":1,"9":1,"10":0,"11":1,"12":1,"13":0,"14":0,"15":0,"16":0,"17":0,"18":0,"19":0,"20":0,"21":0,"22":1,"23":0,"24":0,"25":0,"26":0,"27":0,"28":1,"29":1,"30":0,"31":0,"32":0,"33":0,"34":0,"35":0,"36":0,"37":0,"38":1,"39":0,"40":0,"41":0,"42":0,"43":0,"44":0,"45":0,"46":0,"47":1,"48":0,"49":0,"50":0,"51":0,"52":0,"53":0,"54":0,"55":0,"56":0,"57":0,"58":0,"59":0,"60":0,"61":0,"62":0,"63":0,"64":0,"65":0,"66":0,"67":0,"68":0,"69":0,"70":0,"71":0,"72":0,"73":0,"74":0,"75":0,"76":0,"77":0,"78":0,"79":0,"80":1,"81":0},"f":{"0":1,"1":0,"2":0,"3":0,"4":1,"5":0,"6":0,"7":0,"8":0,"9":0,"10":0,"11":0,"12":0,"13":0,"14":0,"15":0,"16":0,"17":0,"18":0,"19":0,"20":0,"21":0,"22":0,"23":0,"24":0},"b":{},"_coverageSchema":"43e27e138ebf9cfc5966b082cf9a028302ed4184","hash":"6e318ddb82c3292534d1952bb43739365d96f8e2","contentHash":"14aa67adea671a5388f69d1c2a5dbaa88f199090c3d488e9231c781bac3daa01"},"/Users/elenarodriguez/bootcamp/collab/skylab-bootcamp-201909/staff/elena-rodriguez/upbeat/upbeat-api/logic/authenticate-user/index.js":{"path":"/Users/elenarodriguez/bootcamp/collab/skylab-bootcamp-201909/staff/elena-rodriguez/upbeat/upbeat-api/logic/authenticate-user/index.js","statementMap":{"0":{"start":{"line":1,"column":51},"end":{"line":1,"column":73}},"1":{"start":{"line":2,"column":29},"end":{"line":2,"column":51}},"2":{"start":{"line":3,"column":15},"end":{"line":3,"column":34}},"3":{"start":{"line":17,"column":0},"end":{"line":35,"column":1}},"4":{"start":{"line":18,"column":4},"end":{"line":18,"column":26}},"5":{"start":{"line":19,"column":4},"end":{"line":19,"column":44}},"6":{"start":{"line":20,"column":4},"end":{"line":20,"column":25}},"7":{"start":{"line":21,"column":4},"end":{"line":21,"column":29}},"8":{"start":{"line":22,"column":4},"end":{"line":22,"column":49}},"9":{"start":{"line":24,"column":4},"end":{"line":34,"column":8}},"10":{"start":{"line":25,"column":21},"end":{"line":25,"column":50}},"11":{"start":{"line":27,"column":8},"end":{"line":27,"column":118}},"12":{"start":{"line":27,"column":71},"end":{"line":27,"column":118}},"13":{"start":{"line":29,"column":8},"end":{"line":29,"column":34}},"14":{"start":{"line":31,"column":8},"end":{"line":31,"column":25}},"15":{"start":{"line":33,"column":8},"end":{"line":33,"column":22}}},"fnMap":{"0":{"name":"(anonymous_0)","decl":{"start":{"line":17,"column":17},"end":{"line":17,"column":18}},"loc":{"start":{"line":17,"column":44},"end":{"line":35,"column":1}},"line":17},"1":{"name":"(anonymous_1)","decl":{"start":{"line":24,"column":12},"end":{"line":24,"column":13}},"loc":{"start":{"line":24,"column":24},"end":{"line":34,"column":5}},"line":24}},"branchMap":{"0":{"loc":{"start":{"line":27,"column":8},"end":{"line":27,"column":118}},"type":"if","locations":[{"start":{"line":27,"column":8},"end":{"line":27,"column":118}},{"start":{"line":27,"column":8},"end":{"line":27,"column":118}}],"line":27},"1":{"loc":{"start":{"line":27,"column":12},"end":{"line":27,"column":69}},"type":"binary-expr","locations":[{"start":{"line":27,"column":12},"end":{"line":27,"column":17}},{"start":{"line":27,"column":21},"end":{"line":27,"column":69}}],"line":27}},"s":{"0":1,"1":1,"2":1,"3":1,"4":0,"5":0,"6":0,"7":0,"8":0,"9":0,"10":0,"11":0,"12":0,"13":0,"14":0,"15":0},"f":{"0":0,"1":0},"b":{"0":[0,0],"1":[0,0]},"_coverageSchema":"43e27e138ebf9cfc5966b082cf9a028302ed4184","hash":"922a85b3c843049d16abec600f3be3c1bc200610","contentHash":"a2fb99dab4c1c80dc1126007c49a62c61934f999c29237318cc6e4170ca39cc2"},"/Users/elenarodriguez/bootcamp/collab/skylab-bootcamp-201909/staff/elena-rodriguez/upbeat/upbeat-api/logic/create-chat/index.spec.js":{"path":"/Users/elenarodriguez/bootcamp/collab/skylab-bootcamp-201909/staff/elena-rodriguez/upbeat/upbeat-api/logic/create-chat/index.spec.js","statementMap":{"0":{"start":{"line":1,"column":0},"end":{"line":1,"column":26}},"1":{"start":{"line":2,"column":33},"end":{"line":2,"column":40}},"2":{"start":{"line":3,"column":19},"end":{"line":3,"column":34}},"3":{"start":{"line":4,"column":19},"end":{"line":4,"column":23}},"4":{"start":{"line":5,"column":19},"end":{"line":5,"column":31}},"5":{"start":{"line":6,"column":52},"end":{"line":6,"column":74}},"6":{"start":{"line":7,"column":55},"end":{"line":7,"column":77}},"7":{"start":{"line":9,"column":0},"end":{"line":109,"column":2}},"8":{"start":{"line":10,"column":4},"end":{"line":10,"column":47}},"9":{"start":{"line":10,"column":17},"end":{"line":10,"column":46}},"10":{"start":{"line":11,"column":18},"end":{"line":11,"column":20}},"11":{"start":{"line":14,"column":4},"end":{"line":33,"column":6}},"12":{"start":{"line":15,"column":8},"end":{"line":15,"column":31}},"13":{"start":{"line":17,"column":8},"end":{"line":26,"column":9}},"14":{"start":{"line":17,"column":25},"end":{"line":17,"column":26}},"15":{"start":{"line":18,"column":12},"end":{"line":18,"column":45}},"16":{"start":{"line":19,"column":12},"end":{"line":19,"column":48}},"17":{"start":{"line":20,"column":12},"end":{"line":20,"column":45}},"18":{"start":{"line":23,"column":23},"end":{"line":23,"column":52}},"19":{"start":{"line":24,"column":12},"end":{"line":24,"column":28}},"20":{"start":{"line":28,"column":21},"end":{"line":28,"column":49}},"21":{"start":{"line":29,"column":8},"end":{"line":29,"column":24}},"22":{"start":{"line":30,"column":8},"end":{"line":30,"column":24}},"23":{"start":{"line":35,"column":4},"end":{"line":45,"column":6}},"24":{"start":{"line":36,"column":23},"end":{"line":36,"column":49}},"25":{"start":{"line":38,"column":8},"end":{"line":38,"column":31}},"26":{"start":{"line":39,"column":8},"end":{"line":39,"column":40}},"27":{"start":{"line":41,"column":21},"end":{"line":41,"column":48}},"28":{"start":{"line":43,"column":8},"end":{"line":43,"column":51}},"29":{"start":{"line":44,"column":8},"end":{"line":44,"column":51}},"30":{"start":{"line":47,"column":4},"end":{"line":59,"column":6}},"31":{"start":{"line":49,"column":23},"end":{"line":49,"column":44}},"32":{"start":{"line":50,"column":8},"end":{"line":58,"column":9}},"33":{"start":{"line":51,"column":27},"end":{"line":51,"column":56}},"34":{"start":{"line":53,"column":12},"end":{"line":53,"column":54}},"35":{"start":{"line":55,"column":12},"end":{"line":55,"column":34}},"36":{"start":{"line":56,"column":12},"end":{"line":56,"column":60}},"37":{"start":{"line":57,"column":12},"end":{"line":57,"column":78}},"38":{"start":{"line":61,"column":4},"end":{"line":73,"column":6}},"39":{"start":{"line":63,"column":23},"end":{"line":63,"column":44}},"40":{"start":{"line":64,"column":8},"end":{"line":72,"column":9}},"41":{"start":{"line":65,"column":27},"end":{"line":65,"column":56}},"42":{"start":{"line":67,"column":12},"end":{"line":67,"column":54}},"43":{"start":{"line":69,"column":12},"end":{"line":69,"column":34}},"44":{"start":{"line":70,"column":12},"end":{"line":70,"column":60}},"45":{"start":{"line":71,"column":12},"end":{"line":71,"column":78}},"46":{"start":{"line":76,"column":4},"end":{"line":105,"column":6}},"47":{"start":{"line":78,"column":23},"end":{"line":78,"column":29}},"48":{"start":{"line":81,"column":8},"end":{"line":81,"column":76}},"49":{"start":{"line":81,"column":21},"end":{"line":81,"column":34}},"50":{"start":{"line":82,"column":8},"end":{"line":82,"column":82}},"51":{"start":{"line":82,"column":21},"end":{"line":82,"column":37}},"52":{"start":{"line":83,"column":8},"end":{"line":83,"column":76}},"53":{"start":{"line":83,"column":21},"end":{"line":83,"column":35}},"54":{"start":{"line":84,"column":8},"end":{"line":84,"column":91}},"55":{"start":{"line":84,"column":21},"end":{"line":84,"column":35}},"56":{"start":{"line":85,"column":8},"end":{"line":85,"column":92}},"57":{"start":{"line":85,"column":21},"end":{"line":85,"column":42}},"58":{"start":{"line":86,"column":8},"end":{"line":86,"column":82}},"59":{"start":{"line":86,"column":21},"end":{"line":86,"column":37}},"60":{"start":{"line":88,"column":8},"end":{"line":88,"column":88}},"61":{"start":{"line":88,"column":21},"end":{"line":88,"column":35}},"62":{"start":{"line":89,"column":8},"end":{"line":89,"column":93}},"63":{"start":{"line":89,"column":21},"end":{"line":89,"column":40}},"64":{"start":{"line":90,"column":8},"end":{"line":90,"column":94}},"65":{"start":{"line":90,"column":21},"end":{"line":90,"column":39}},"66":{"start":{"line":94,"column":8},"end":{"line":94,"column":81}},"67":{"start":{"line":94,"column":21},"end":{"line":94,"column":39}},"68":{"start":{"line":95,"column":8},"end":{"line":95,"column":87}},"69":{"start":{"line":95,"column":21},"end":{"line":95,"column":42}},"70":{"start":{"line":96,"column":8},"end":{"line":96,"column":81}},"71":{"start":{"line":96,"column":21},"end":{"line":96,"column":40}},"72":{"start":{"line":97,"column":8},"end":{"line":97,"column":96}},"73":{"start":{"line":97,"column":21},"end":{"line":97,"column":40}},"74":{"start":{"line":98,"column":8},"end":{"line":98,"column":97}},"75":{"start":{"line":98,"column":21},"end":{"line":98,"column":47}},"76":{"start":{"line":99,"column":8},"end":{"line":99,"column":87}},"77":{"start":{"line":99,"column":21},"end":{"line":99,"column":42}},"78":{"start":{"line":101,"column":8},"end":{"line":101,"column":93}},"79":{"start":{"line":101,"column":21},"end":{"line":101,"column":40}},"80":{"start":{"line":102,"column":8},"end":{"line":102,"column":98}},"81":{"start":{"line":102,"column":21},"end":{"line":102,"column":45}},"82":{"start":{"line":103,"column":8},"end":{"line":103,"column":99}},"83":{"start":{"line":103,"column":21},"end":{"line":103,"column":44}},"84":{"start":{"line":108,"column":4},"end":{"line":108,"column":94}},"85":{"start":{"line":108,"column":16},"end":{"line":108,"column":93}}},"fnMap":{"0":{"name":"(anonymous_0)","decl":{"start":{"line":9,"column":43},"end":{"line":9,"column":44}},"loc":{"start":{"line":9,"column":49},"end":{"line":109,"column":1}},"line":9},"1":{"name":"(anonymous_1)","decl":{"start":{"line":10,"column":11},"end":{"line":10,"column":12}},"loc":{"start":{"line":10,"column":17},"end":{"line":10,"column":46}},"line":10},"2":{"name":"(anonymous_2)","decl":{"start":{"line":14,"column":15},"end":{"line":14,"column":16}},"loc":{"start":{"line":14,"column":26},"end":{"line":33,"column":5}},"line":14},"3":{"name":"(anonymous_3)","decl":{"start":{"line":35,"column":44},"end":{"line":35,"column":45}},"loc":{"start":{"line":35,"column":55},"end":{"line":45,"column":5}},"line":35},"4":{"name":"(anonymous_4)","decl":{"start":{"line":47,"column":39},"end":{"line":47,"column":40}},"loc":{"start":{"line":47,"column":50},"end":{"line":59,"column":5}},"line":47},"5":{"name":"(anonymous_5)","decl":{"start":{"line":61,"column":39},"end":{"line":61,"column":40}},"loc":{"start":{"line":61,"column":50},"end":{"line":73,"column":5}},"line":61},"6":{"name":"(anonymous_6)","decl":{"start":{"line":76,"column":93},"end":{"line":76,"column":94}},"loc":{"start":{"line":76,"column":99},"end":{"line":105,"column":5}},"line":76},"7":{"name":"(anonymous_7)","decl":{"start":{"line":81,"column":15},"end":{"line":81,"column":16}},"loc":{"start":{"line":81,"column":21},"end":{"line":81,"column":34}},"line":81},"8":{"name":"(anonymous_8)","decl":{"start":{"line":82,"column":15},"end":{"line":82,"column":16}},"loc":{"start":{"line":82,"column":21},"end":{"line":82,"column":37}},"line":82},"9":{"name":"(anonymous_9)","decl":{"start":{"line":83,"column":15},"end":{"line":83,"column":16}},"loc":{"start":{"line":83,"column":21},"end":{"line":83,"column":35}},"line":83},"10":{"name":"(anonymous_10)","decl":{"start":{"line":84,"column":15},"end":{"line":84,"column":16}},"loc":{"start":{"line":84,"column":21},"end":{"line":84,"column":35}},"line":84},"11":{"name":"(anonymous_11)","decl":{"start":{"line":85,"column":15},"end":{"line":85,"column":16}},"loc":{"start":{"line":85,"column":21},"end":{"line":85,"column":42}},"line":85},"12":{"name":"(anonymous_12)","decl":{"start":{"line":86,"column":15},"end":{"line":86,"column":16}},"loc":{"start":{"line":86,"column":21},"end":{"line":86,"column":37}},"line":86},"13":{"name":"(anonymous_13)","decl":{"start":{"line":88,"column":15},"end":{"line":88,"column":16}},"loc":{"start":{"line":88,"column":21},"end":{"line":88,"column":35}},"line":88},"14":{"name":"(anonymous_14)","decl":{"start":{"line":89,"column":15},"end":{"line":89,"column":16}},"loc":{"start":{"line":89,"column":21},"end":{"line":89,"column":40}},"line":89},"15":{"name":"(anonymous_15)","decl":{"start":{"line":90,"column":15},"end":{"line":90,"column":16}},"loc":{"start":{"line":90,"column":21},"end":{"line":90,"column":39}},"line":90},"16":{"name":"(anonymous_16)","decl":{"start":{"line":94,"column":15},"end":{"line":94,"column":16}},"loc":{"start":{"line":94,"column":21},"end":{"line":94,"column":39}},"line":94},"17":{"name":"(anonymous_17)","decl":{"start":{"line":95,"column":15},"end":{"line":95,"column":16}},"loc":{"start":{"line":95,"column":21},"end":{"line":95,"column":42}},"line":95},"18":{"name":"(anonymous_18)","decl":{"start":{"line":96,"column":15},"end":{"line":96,"column":16}},"loc":{"start":{"line":96,"column":21},"end":{"line":96,"column":40}},"line":96},"19":{"name":"(anonymous_19)","decl":{"start":{"line":97,"column":15},"end":{"line":97,"column":16}},"loc":{"start":{"line":97,"column":21},"end":{"line":97,"column":40}},"line":97},"20":{"name":"(anonymous_20)","decl":{"start":{"line":98,"column":15},"end":{"line":98,"column":16}},"loc":{"start":{"line":98,"column":21},"end":{"line":98,"column":47}},"line":98},"21":{"name":"(anonymous_21)","decl":{"start":{"line":99,"column":15},"end":{"line":99,"column":16}},"loc":{"start":{"line":99,"column":21},"end":{"line":99,"column":42}},"line":99},"22":{"name":"(anonymous_22)","decl":{"start":{"line":101,"column":15},"end":{"line":101,"column":16}},"loc":{"start":{"line":101,"column":21},"end":{"line":101,"column":40}},"line":101},"23":{"name":"(anonymous_23)","decl":{"start":{"line":102,"column":15},"end":{"line":102,"column":16}},"loc":{"start":{"line":102,"column":21},"end":{"line":102,"column":45}},"line":102},"24":{"name":"(anonymous_24)","decl":{"start":{"line":103,"column":15},"end":{"line":103,"column":16}},"loc":{"start":{"line":103,"column":21},"end":{"line":103,"column":44}},"line":103},"25":{"name":"(anonymous_25)","decl":{"start":{"line":108,"column":10},"end":{"line":108,"column":11}},"loc":{"start":{"line":108,"column":16},"end":{"line":108,"column":93}},"line":108}},"branchMap":{},"s":{"0":1,"1":1,"2":1,"3":1,"4":1,"5":1,"6":1,"7":1,"8":1,"9":0,"10":1,"11":1,"12":0,"13":0,"14":0,"15":0,"16":0,"17":0,"18":0,"19":0,"20":0,"21":0,"22":0,"23":1,"24":0,"25":0,"26":0,"27":0,"28":0,"29":0,"30":1,"31":0,"32":0,"33":0,"34":0,"35":0,"36":0,"37":0,"38":1,"39":0,"40":0,"41":0,"42":0,"43":0,"44":0,"45":0,"46":1,"47":0,"48":0,"49":0,"50":0,"51":0,"52":0,"53":0,"54":0,"55":0,"56":0,"57":0,"58":0,"59":0,"60":0,"61":0,"62":0,"63":0,"64":0,"65":0,"66":0,"67":0,"68":0,"69":0,"70":0,"71":0,"72":0,"73":0,"74":0,"75":0,"76":0,"77":0,"78":0,"79":0,"80":0,"81":0,"82":0,"83":0,"84":1,"85":0},"f":{"0":1,"1":0,"2":0,"3":0,"4":0,"5":0,"6":0,"7":0,"8":0,"9":0,"10":0,"11":0,"12":0,"13":0,"14":0,"15":0,"16":0,"17":0,"18":0,"19":0,"20":0,"21":0,"22":0,"23":0,"24":0,"25":0},"b":{},"_coverageSchema":"43e27e138ebf9cfc5966b082cf9a028302ed4184","hash":"1144597c80d145af315ae2eb238d52263e1dc5de","contentHash":"19c8f557a5534d6b0a4cf709ed295cbda744bbb3bc1857da92c9feda8f3aaefa"},"/Users/elenarodriguez/bootcamp/collab/skylab-bootcamp-201909/staff/elena-rodriguez/upbeat/upbeat-api/logic/create-chat/index.js":{"path":"/Users/elenarodriguez/bootcamp/collab/skylab-bootcamp-201909/staff/elena-rodriguez/upbeat/upbeat-api/logic/create-chat/index.js","statementMap":{"0":{"start":{"line":1,"column":62},"end":{"line":1,"column":84}},"1":{"start":{"line":2,"column":45},"end":{"line":2,"column":67}},"2":{"start":{"line":5,"column":0},"end":{"line":27,"column":1}},"3":{"start":{"line":6,"column":4},"end":{"line":6,"column":28}},"4":{"start":{"line":7,"column":4},"end":{"line":7,"column":47}},"5":{"start":{"line":8,"column":4},"end":{"line":8,"column":90}},"6":{"start":{"line":8,"column":36},"end":{"line":8,"column":90}},"7":{"start":{"line":10,"column":4},"end":{"line":10,"column":28}},"8":{"start":{"line":11,"column":4},"end":{"line":11,"column":47}},"9":{"start":{"line":12,"column":4},"end":{"line":12,"column":90}},"10":{"start":{"line":12,"column":36},"end":{"line":12,"column":90}},"11":{"start":{"line":15,"column":4},"end":{"line":25,"column":8}},"12":{"start":{"line":16,"column":22},"end":{"line":16,"column":50}},"13":{"start":{"line":17,"column":8},"end":{"line":17,"column":80}},"14":{"start":{"line":17,"column":20},"end":{"line":17,"column":80}},"15":{"start":{"line":19,"column":22},"end":{"line":19,"column":50}},"16":{"start":{"line":20,"column":8},"end":{"line":20,"column":80}},"17":{"start":{"line":20,"column":20},"end":{"line":20,"column":80}},"18":{"start":{"line":22,"column":21},"end":{"line":22,"column":89}},"19":{"start":{"line":24,"column":8},"end":{"line":24,"column":22}}},"fnMap":{"0":{"name":"(anonymous_0)","decl":{"start":{"line":5,"column":17},"end":{"line":5,"column":18}},"loc":{"start":{"line":5,"column":44},"end":{"line":27,"column":1}},"line":5},"1":{"name":"(anonymous_1)","decl":{"start":{"line":15,"column":12},"end":{"line":15,"column":13}},"loc":{"start":{"line":15,"column":23},"end":{"line":25,"column":5}},"line":15}},"branchMap":{"0":{"loc":{"start":{"line":8,"column":4},"end":{"line":8,"column":90}},"type":"if","locations":[{"start":{"line":8,"column":4},"end":{"line":8,"column":90}},{"start":{"line":8,"column":4},"end":{"line":8,"column":90}}],"line":8},"1":{"loc":{"start":{"line":12,"column":4},"end":{"line":12,"column":90}},"type":"if","locations":[{"start":{"line":12,"column":4},"end":{"line":12,"column":90}},{"start":{"line":12,"column":4},"end":{"line":12,"column":90}}],"line":12},"2":{"loc":{"start":{"line":17,"column":8},"end":{"line":17,"column":80}},"type":"if","locations":[{"start":{"line":17,"column":8},"end":{"line":17,"column":80}},{"start":{"line":17,"column":8},"end":{"line":17,"column":80}}],"line":17},"3":{"loc":{"start":{"line":20,"column":8},"end":{"line":20,"column":80}},"type":"if","locations":[{"start":{"line":20,"column":8},"end":{"line":20,"column":80}},{"start":{"line":20,"column":8},"end":{"line":20,"column":80}}],"line":20}},"s":{"0":1,"1":1,"2":1,"3":0,"4":0,"5":0,"6":0,"7":0,"8":0,"9":0,"10":0,"11":0,"12":0,"13":0,"14":0,"15":0,"16":0,"17":0,"18":0,"19":0},"f":{"0":0,"1":0},"b":{"0":[0,0],"1":[0,0],"2":[0,0],"3":[0,0]},"_coverageSchema":"43e27e138ebf9cfc5966b082cf9a028302ed4184","hash":"19560348c50c377e37416696c96a71cec1362d48","contentHash":"a36f13cb6893e93c5753de7dfb011c797af5befcbdd60394ed693370d864823e"},"/Users/elenarodriguez/bootcamp/collab/skylab-bootcamp-201909/staff/elena-rodriguez/upbeat/upbeat-api/logic/delete-instrument/index.spec.js":{"path":"/Users/elenarodriguez/bootcamp/collab/skylab-bootcamp-201909/staff/elena-rodriguez/upbeat/upbeat-api/logic/delete-instrument/index.spec.js","statementMap":{"0":{"start":{"line":1,"column":0},"end":{"line":1,"column":26}},"1":{"start":{"line":2,"column":33},"end":{"line":2,"column":40}},"2":{"start":{"line":3,"column":19},"end":{"line":3,"column":34}},"3":{"start":{"line":4,"column":25},"end":{"line":4,"column":37}},"4":{"start":{"line":5,"column":19},"end":{"line":5,"column":23}},"5":{"start":{"line":6,"column":81},"end":{"line":6,"column":103}},"6":{"start":{"line":7,"column":55},"end":{"line":7,"column":77}},"7":{"start":{"line":11,"column":0},"end":{"line":79,"column":2}},"8":{"start":{"line":13,"column":4},"end":{"line":13,"column":47}},"9":{"start":{"line":13,"column":17},"end":{"line":13,"column":46}},"10":{"start":{"line":17,"column":4},"end":{"line":17,"column":29}},"11":{"start":{"line":18,"column":4},"end":{"line":18,"column":186}},"12":{"start":{"line":20,"column":4},"end":{"line":37,"column":5}},"13":{"start":{"line":21,"column":8},"end":{"line":21,"column":31}},"14":{"start":{"line":23,"column":8},"end":{"line":23,"column":41}},"15":{"start":{"line":24,"column":8},"end":{"line":24,"column":44}},"16":{"start":{"line":25,"column":8},"end":{"line":25,"column":41}},"17":{"start":{"line":26,"column":8},"end":{"line":26,"column":59}},"18":{"start":{"line":27,"column":8},"end":{"line":27,"column":28}},"19":{"start":{"line":28,"column":8},"end":{"line":28,"column":27}},"20":{"start":{"line":29,"column":8},"end":{"line":29,"column":52}},"21":{"start":{"line":30,"column":8},"end":{"line":30,"column":42}},"22":{"start":{"line":32,"column":21},"end":{"line":32,"column":132}},"23":{"start":{"line":33,"column":8},"end":{"line":33,"column":20}},"24":{"start":{"line":39,"column":4},"end":{"line":46,"column":6}},"25":{"start":{"line":40,"column":23},"end":{"line":40,"column":82}},"26":{"start":{"line":41,"column":25},"end":{"line":41,"column":59}},"27":{"start":{"line":42,"column":8},"end":{"line":42,"column":40}},"28":{"start":{"line":43,"column":21},"end":{"line":43,"column":44}},"29":{"start":{"line":44,"column":8},"end":{"line":44,"column":50}},"30":{"start":{"line":48,"column":4},"end":{"line":63,"column":6}},"31":{"start":{"line":49,"column":19},"end":{"line":49,"column":40}},"32":{"start":{"line":50,"column":23},"end":{"line":50,"column":82}},"33":{"start":{"line":52,"column":8},"end":{"line":61,"column":9}},"34":{"start":{"line":53,"column":12},"end":{"line":53,"column":46}},"35":{"start":{"line":55,"column":12},"end":{"line":55,"column":58}},"36":{"start":{"line":58,"column":12},"end":{"line":58,"column":34}},"37":{"start":{"line":59,"column":12},"end":{"line":59,"column":60}},"38":{"start":{"line":60,"column":11},"end":{"line":60,"column":73}},"39":{"start":{"line":65,"column":4},"end":{"line":76,"column":6}},"40":{"start":{"line":66,"column":23},"end":{"line":66,"column":43}},"41":{"start":{"line":67,"column":8},"end":{"line":75,"column":9}},"42":{"start":{"line":68,"column":12},"end":{"line":68,"column":46}},"43":{"start":{"line":70,"column":12},"end":{"line":70,"column":58}},"44":{"start":{"line":72,"column":12},"end":{"line":72,"column":34}},"45":{"start":{"line":73,"column":12},"end":{"line":73,"column":60}},"46":{"start":{"line":74,"column":12},"end":{"line":74,"column":65}},"47":{"start":{"line":78,"column":4},"end":{"line":78,"column":60}},"48":{"start":{"line":78,"column":16},"end":{"line":78,"column":59}}},"fnMap":{"0":{"name":"(anonymous_0)","decl":{"start":{"line":11,"column":38},"end":{"line":11,"column":39}},"loc":{"start":{"line":11,"column":44},"end":{"line":79,"column":1}},"line":11},"1":{"name":"(anonymous_1)","decl":{"start":{"line":13,"column":11},"end":{"line":13,"column":12}},"loc":{"start":{"line":13,"column":17},"end":{"line":13,"column":46}},"line":13},"2":{"name":"(anonymous_2)","decl":{"start":{"line":20,"column":15},"end":{"line":20,"column":16}},"loc":{"start":{"line":20,"column":27},"end":{"line":36,"column":9}},"line":20},"3":{"name":"(anonymous_3)","decl":{"start":{"line":39,"column":54},"end":{"line":39,"column":55}},"loc":{"start":{"line":39,"column":66},"end":{"line":46,"column":5}},"line":39},"4":{"name":"(anonymous_4)","decl":{"start":{"line":48,"column":71},"end":{"line":48,"column":72}},"loc":{"start":{"line":48,"column":83},"end":{"line":63,"column":5}},"line":48},"5":{"name":"(anonymous_5)","decl":{"start":{"line":65,"column":63},"end":{"line":65,"column":64}},"loc":{"start":{"line":65,"column":75},"end":{"line":76,"column":5}},"line":65},"6":{"name":"(anonymous_6)","decl":{"start":{"line":78,"column":10},"end":{"line":78,"column":11}},"loc":{"start":{"line":78,"column":16},"end":{"line":78,"column":59}},"line":78}},"branchMap":{},"s":{"0":1,"1":1,"2":1,"3":1,"4":1,"5":1,"6":1,"7":1,"8":1,"9":0,"10":1,"11":1,"12":1,"13":0,"14":0,"15":0,"16":0,"17":0,"18":0,"19":0,"20":0,"21":0,"22":0,"23":0,"24":1,"25":0,"26":0,"27":0,"28":0,"29":0,"30":1,"31":0,"32":0,"33":0,"34":0,"35":0,"36":0,"37":0,"38":0,"39":1,"40":0,"41":0,"42":0,"43":0,"44":0,"45":0,"46":0,"47":1,"48":0},"f":{"0":1,"1":0,"2":0,"3":0,"4":0,"5":0,"6":0},"b":{},"_coverageSchema":"43e27e138ebf9cfc5966b082cf9a028302ed4184","hash":"884642bc2fd9202d7d4f6af2a88b6061ed193c14","contentHash":"50947e616f40b0711a414200f9ed89dcf48c0f647e498cc6324bb6b8d9e153c5"},"/Users/elenarodriguez/bootcamp/collab/skylab-bootcamp-201909/staff/elena-rodriguez/upbeat/upbeat-api/logic/delete-instrument/index.js":{"path":"/Users/elenarodriguez/bootcamp/collab/skylab-bootcamp-201909/staff/elena-rodriguez/upbeat/upbeat-api/logic/delete-instrument/index.js","statementMap":{"0":{"start":{"line":1,"column":62},"end":{"line":1,"column":84}},"1":{"start":{"line":2,"column":39},"end":{"line":2,"column":61}},"2":{"start":{"line":4,"column":0},"end":{"line":26,"column":1}},"3":{"start":{"line":5,"column":4},"end":{"line":5,"column":23}},"4":{"start":{"line":6,"column":4},"end":{"line":6,"column":37}},"5":{"start":{"line":7,"column":4},"end":{"line":7,"column":80}},"6":{"start":{"line":7,"column":31},"end":{"line":7,"column":80}},"7":{"start":{"line":11,"column":4},"end":{"line":25,"column":8}},"8":{"start":{"line":12,"column":21},"end":{"line":12,"column":44}},"9":{"start":{"line":13,"column":8},"end":{"line":13,"column":74}},"10":{"start":{"line":13,"column":19},"end":{"line":13,"column":74}},"11":{"start":{"line":15,"column":8},"end":{"line":15,"column":50}},"12":{"start":{"line":17,"column":8},"end":{"line":17,"column":94}},"13":{"start":{"line":17,"column":48},"end":{"line":17,"column":94}},"14":{"start":{"line":19,"column":31},"end":{"line":19,"column":91}},"15":{"start":{"line":19,"column":69},"end":{"line":19,"column":90}},"16":{"start":{"line":21,"column":8},"end":{"line":21,"column":50}},"17":{"start":{"line":23,"column":8},"end":{"line":23,"column":72}}},"fnMap":{"0":{"name":"(anonymous_0)","decl":{"start":{"line":4,"column":17},"end":{"line":4,"column":18}},"loc":{"start":{"line":4,"column":39},"end":{"line":26,"column":1}},"line":4},"1":{"name":"(anonymous_1)","decl":{"start":{"line":11,"column":12},"end":{"line":11,"column":13}},"loc":{"start":{"line":11,"column":24},"end":{"line":25,"column":5}},"line":11},"2":{"name":"(anonymous_2)","decl":{"start":{"line":19,"column":55},"end":{"line":19,"column":56}},"loc":{"start":{"line":19,"column":69},"end":{"line":19,"column":90}},"line":19}},"branchMap":{"0":{"loc":{"start":{"line":7,"column":4},"end":{"line":7,"column":80}},"type":"if","locations":[{"start":{"line":7,"column":4},"end":{"line":7,"column":80}},{"start":{"line":7,"column":4},"end":{"line":7,"column":80}}],"line":7},"1":{"loc":{"start":{"line":13,"column":8},"end":{"line":13,"column":74}},"type":"if","locations":[{"start":{"line":13,"column":8},"end":{"line":13,"column":74}},{"start":{"line":13,"column":8},"end":{"line":13,"column":74}}],"line":13},"2":{"loc":{"start":{"line":17,"column":8},"end":{"line":17,"column":94}},"type":"if","locations":[{"start":{"line":17,"column":8},"end":{"line":17,"column":94}},{"start":{"line":17,"column":8},"end":{"line":17,"column":94}}],"line":17}},"s":{"0":1,"1":1,"2":1,"3":0,"4":0,"5":0,"6":0,"7":0,"8":0,"9":0,"10":0,"11":0,"12":0,"13":0,"14":0,"15":0,"16":0,"17":0},"f":{"0":0,"1":0,"2":0},"b":{"0":[0,0],"1":[0,0],"2":[0,0]},"_coverageSchema":"43e27e138ebf9cfc5966b082cf9a028302ed4184","hash":"d68daca44d534a4bdc52946b0b0ea8f1152cb7e6","contentHash":"44f7ba296fc2bb68f8c80cc66bb79165aeed189b5d4ff4d4b0593f9ccb2951ec"},"/Users/elenarodriguez/bootcamp/collab/skylab-bootcamp-201909/staff/elena-rodriguez/upbeat/upbeat-api/logic/modify-user/index.spec.js":{"path":"/Users/elenarodriguez/bootcamp/collab/skylab-bootcamp-201909/staff/elena-rodriguez/upbeat/upbeat-api/logic/modify-user/index.spec.js","statementMap":{"0":{"start":{"line":1,"column":0},"end":{"line":1,"column":26}},"1":{"start":{"line":2,"column":33},"end":{"line":2,"column":40}},"2":{"start":{"line":3,"column":19},"end":{"line":3,"column":34}},"3":{"start":{"line":4,"column":19},"end":{"line":4,"column":31}},"4":{"start":{"line":5,"column":19},"end":{"line":5,"column":23}},"5":{"start":{"line":6,"column":95},"end":{"line":6,"column":117}},"6":{"start":{"line":7,"column":56},"end":{"line":7,"column":78}},"7":{"start":{"line":9,"column":0},"end":{"line":9,"column":13}},"8":{"start":{"line":11,"column":0},"end":{"line":532,"column":2}},"9":{"start":{"line":12,"column":4},"end":{"line":12,"column":47}},"10":{"start":{"line":12,"column":17},"end":{"line":12,"column":46}},"11":{"start":{"line":16,"column":4},"end":{"line":39,"column":2}},"12":{"start":{"line":17,"column":8},"end":{"line":17,"column":37}},"13":{"start":{"line":18,"column":8},"end":{"line":18,"column":44}},"14":{"start":{"line":19,"column":8},"end":{"line":19,"column":41}},"15":{"start":{"line":20,"column":8},"end":{"line":20,"column":47}},"16":{"start":{"line":21,"column":8},"end":{"line":21,"column":35}},"17":{"start":{"line":22,"column":8},"end":{"line":25,"column":9}},"18":{"start":{"line":27,"column":25},"end":{"line":27,"column":47}},"19":{"start":{"line":28,"column":8},"end":{"line":28,"column":43}},"20":{"start":{"line":29,"column":8},"end":{"line":29,"column":41}},"21":{"start":{"line":31,"column":8},"end":{"line":31,"column":31}},"22":{"start":{"line":33,"column":21},"end":{"line":33,"column":122}},"23":{"start":{"line":34,"column":8},"end":{"line":34,"column":33}},"24":{"start":{"line":35,"column":8},"end":{"line":35,"column":20}},"25":{"start":{"line":36,"column":8},"end":{"line":36,"column":25}},"26":{"start":{"line":41,"column":4},"end":{"line":108,"column":6}},"27":{"start":{"line":43,"column":28},"end":{"line":43,"column":54}},"28":{"start":{"line":44,"column":25},"end":{"line":44,"column":57}},"29":{"start":{"line":45,"column":28},"end":{"line":45,"column":54}},"30":{"start":{"line":46,"column":31},"end":{"line":46,"column":60}},"31":{"start":{"line":47,"column":25},"end":{"line":47,"column":48}},"32":{"start":{"line":48,"column":29},"end":{"line":48,"column":56}},"33":{"start":{"line":49,"column":28},"end":{"line":49,"column":55}},"34":{"start":{"line":51,"column":25},"end":{"line":54,"column":9}},"35":{"start":{"line":56,"column":28},"end":{"line":56,"column":47}},"36":{"start":{"line":59,"column":25},"end":{"line":59,"column":149}},"37":{"start":{"line":61,"column":8},"end":{"line":61,"column":37}},"38":{"start":{"line":63,"column":21},"end":{"line":63,"column":44}},"39":{"start":{"line":65,"column":8},"end":{"line":65,"column":36}},"40":{"start":{"line":67,"column":8},"end":{"line":67,"column":38}},"41":{"start":{"line":68,"column":8},"end":{"line":68,"column":47}},"42":{"start":{"line":69,"column":8},"end":{"line":69,"column":59}},"43":{"start":{"line":70,"column":8},"end":{"line":70,"column":51}},"44":{"start":{"line":72,"column":8},"end":{"line":72,"column":35}},"45":{"start":{"line":73,"column":8},"end":{"line":73,"column":44}},"46":{"start":{"line":74,"column":8},"end":{"line":74,"column":56}},"47":{"start":{"line":75,"column":8},"end":{"line":75,"column":45}},"48":{"start":{"line":77,"column":8},"end":{"line":77,"column":38}},"49":{"start":{"line":78,"column":8},"end":{"line":78,"column":47}},"50":{"start":{"line":79,"column":8},"end":{"line":79,"column":59}},"51":{"start":{"line":80,"column":8},"end":{"line":80,"column":51}},"52":{"start":{"line":82,"column":8},"end":{"line":82,"column":41}},"53":{"start":{"line":83,"column":8},"end":{"line":83,"column":50}},"54":{"start":{"line":84,"column":8},"end":{"line":84,"column":62}},"55":{"start":{"line":85,"column":8},"end":{"line":85,"column":57}},"56":{"start":{"line":87,"column":8},"end":{"line":87,"column":35}},"57":{"start":{"line":88,"column":8},"end":{"line":88,"column":44}},"58":{"start":{"line":89,"column":8},"end":{"line":89,"column":56}},"59":{"start":{"line":90,"column":8},"end":{"line":90,"column":45}},"60":{"start":{"line":92,"column":8},"end":{"line":92,"column":35}},"61":{"start":{"line":93,"column":8},"end":{"line":93,"column":44}},"62":{"start":{"line":94,"column":8},"end":{"line":94,"column":56}},"63":{"start":{"line":95,"column":8},"end":{"line":95,"column":56}},"64":{"start":{"line":97,"column":8},"end":{"line":97,"column":39}},"65":{"start":{"line":98,"column":8},"end":{"line":98,"column":48}},"66":{"start":{"line":99,"column":8},"end":{"line":99,"column":60}},"67":{"start":{"line":100,"column":8},"end":{"line":100,"column":53}},"68":{"start":{"line":102,"column":8},"end":{"line":102,"column":38}},"69":{"start":{"line":103,"column":8},"end":{"line":103,"column":47}},"70":{"start":{"line":104,"column":8},"end":{"line":104,"column":59}},"71":{"start":{"line":105,"column":8},"end":{"line":105,"column":51}},"72":{"start":{"line":531,"column":4},"end":{"line":531,"column":60}},"73":{"start":{"line":531,"column":16},"end":{"line":531,"column":59}}},"fnMap":{"0":{"name":"(anonymous_0)","decl":{"start":{"line":11,"column":32},"end":{"line":11,"column":33}},"loc":{"start":{"line":11,"column":38},"end":{"line":532,"column":1}},"line":11},"1":{"name":"(anonymous_1)","decl":{"start":{"line":12,"column":11},"end":{"line":12,"column":12}},"loc":{"start":{"line":12,"column":17},"end":{"line":12,"column":46}},"line":12},"2":{"name":"(anonymous_2)","decl":{"start":{"line":16,"column":15},"end":{"line":16,"column":16}},"loc":{"start":{"line":16,"column":27},"end":{"line":39,"column":1}},"line":16},"3":{"name":"(anonymous_3)","decl":{"start":{"line":41,"column":55},"end":{"line":41,"column":56}},"loc":{"start":{"line":41,"column":67},"end":{"line":108,"column":5}},"line":41},"4":{"name":"(anonymous_4)","decl":{"start":{"line":531,"column":10},"end":{"line":531,"column":11}},"loc":{"start":{"line":531,"column":16},"end":{"line":531,"column":59}},"line":531}},"branchMap":{},"s":{"0":1,"1":1,"2":1,"3":1,"4":1,"5":1,"6":1,"7":1,"8":1,"9":1,"10":0,"11":1,"12":0,"13":0,"14":0,"15":0,"16":0,"17":0,"18":0,"19":0,"20":0,"21":0,"22":0,"23":0,"24":0,"25":0,"26":1,"27":0,"28":0,"29":0,"30":0,"31":0,"32":0,"33":0,"34":0,"35":0,"36":0,"37":0,"38":0,"39":0,"40":0,"41":0,"42":0,"43":0,"44":0,"45":0,"46":0,"47":0,"48":0,"49":0,"50":0,"51":0,"52":0,"53":0,"54":0,"55":0,"56":0,"57":0,"58":0,"59":0,"60":0,"61":0,"62":0,"63":0,"64":0,"65":0,"66":0,"67":0,"68":0,"69":0,"70":0,"71":0,"72":1,"73":0},"f":{"0":1,"1":0,"2":0,"3":0,"4":0},"b":{},"_coverageSchema":"43e27e138ebf9cfc5966b082cf9a028302ed4184","hash":"75bccf862b30823d04217a8ca31ff14fc6ff2083","contentHash":"df5909edb9cbba438decf1902e91bd64bfd81c8cfa406f8a0dcd02cc56acc134"},"/Users/elenarodriguez/bootcamp/collab/skylab-bootcamp-201909/staff/elena-rodriguez/upbeat/upbeat-api/logic/modify-user/index.js":{"path":"/Users/elenarodriguez/bootcamp/collab/skylab-bootcamp-201909/staff/elena-rodriguez/upbeat/upbeat-api/logic/modify-user/index.js","statementMap":{"0":{"start":{"line":1,"column":63},"end":{"line":1,"column":85}},"1":{"start":{"line":2,"column":39},"end":{"line":2,"column":61}},"2":{"start":{"line":26,"column":0},"end":{"line":87,"column":1}},"3":{"start":{"line":27,"column":4},"end":{"line":27,"column":23}},"4":{"start":{"line":28,"column":4},"end":{"line":28,"column":37}},"5":{"start":{"line":29,"column":4},"end":{"line":29,"column":80}},"6":{"start":{"line":29,"column":31},"end":{"line":29,"column":80}},"7":{"start":{"line":31,"column":4},"end":{"line":34,"column":5}},"8":{"start":{"line":32,"column":8},"end":{"line":32,"column":33}},"9":{"start":{"line":33,"column":8},"end":{"line":33,"column":53}},"10":{"start":{"line":35,"column":4},"end":{"line":38,"column":5}},"11":{"start":{"line":36,"column":8},"end":{"line":36,"column":30}},"12":{"start":{"line":37,"column":8},"end":{"line":37,"column":48}},"13":{"start":{"line":39,"column":4},"end":{"line":40,"column":54}},"14":{"start":{"line":39,"column":19},"end":{"line":39,"column":44}},"15":{"start":{"line":40,"column":8},"end":{"line":40,"column":53}},"16":{"start":{"line":43,"column":4},"end":{"line":46,"column":5}},"17":{"start":{"line":44,"column":8},"end":{"line":44,"column":36}},"18":{"start":{"line":45,"column":8},"end":{"line":45,"column":59}},"19":{"start":{"line":47,"column":4},"end":{"line":50,"column":5}},"20":{"start":{"line":48,"column":8},"end":{"line":48,"column":30}},"21":{"start":{"line":49,"column":8},"end":{"line":49,"column":47}},"22":{"start":{"line":51,"column":4},"end":{"line":55,"column":5}},"23":{"start":{"line":52,"column":8},"end":{"line":52,"column":30}},"24":{"start":{"line":53,"column":8},"end":{"line":53,"column":47}},"25":{"start":{"line":57,"column":4},"end":{"line":61,"column":5}},"26":{"start":{"line":58,"column":8},"end":{"line":58,"column":34}},"27":{"start":{"line":59,"column":8},"end":{"line":59,"column":55}},"28":{"start":{"line":63,"column":4},"end":{"line":67,"column":5}},"29":{"start":{"line":64,"column":8},"end":{"line":64,"column":33}},"30":{"start":{"line":65,"column":8},"end":{"line":65,"column":53}},"31":{"start":{"line":69,"column":4},"end":{"line":86,"column":8}},"32":{"start":{"line":70,"column":21},"end":{"line":70,"column":44}},"33":{"start":{"line":72,"column":8},"end":{"line":72,"column":74}},"34":{"start":{"line":72,"column":19},"end":{"line":72,"column":74}},"35":{"start":{"line":74,"column":23},"end":{"line":74,"column":25}},"36":{"start":{"line":76,"column":8},"end":{"line":76,"column":48}},"37":{"start":{"line":77,"column":8},"end":{"line":77,"column":39}},"38":{"start":{"line":78,"column":8},"end":{"line":78,"column":48}},"39":{"start":{"line":79,"column":8},"end":{"line":79,"column":57}},"40":{"start":{"line":80,"column":8},"end":{"line":80,"column":39}},"41":{"start":{"line":81,"column":8},"end":{"line":81,"column":39}},"42":{"start":{"line":82,"column":8},"end":{"line":82,"column":51}},"43":{"start":{"line":83,"column":8},"end":{"line":83,"column":48}},"44":{"start":{"line":85,"column":8},"end":{"line":85,"column":69}}},"fnMap":{"0":{"name":"(anonymous_0)","decl":{"start":{"line":26,"column":17},"end":{"line":26,"column":18}},"loc":{"start":{"line":26,"column":107},"end":{"line":87,"column":1}},"line":26},"1":{"name":"(anonymous_1)","decl":{"start":{"line":69,"column":12},"end":{"line":69,"column":13}},"loc":{"start":{"line":69,"column":24},"end":{"line":86,"column":5}},"line":69}},"branchMap":{"0":{"loc":{"start":{"line":29,"column":4},"end":{"line":29,"column":80}},"type":"if","locations":[{"start":{"line":29,"column":4},"end":{"line":29,"column":80}},{"start":{"line":29,"column":4},"end":{"line":29,"column":80}}],"line":29},"1":{"loc":{"start":{"line":31,"column":4},"end":{"line":34,"column":5}},"type":"if","locations":[{"start":{"line":31,"column":4},"end":{"line":34,"column":5}},{"start":{"line":31,"column":4},"end":{"line":34,"column":5}}],"line":31},"2":{"loc":{"start":{"line":35,"column":4},"end":{"line":38,"column":5}},"type":"if","locations":[{"start":{"line":35,"column":4},"end":{"line":38,"column":5}},{"start":{"line":35,"column":4},"end":{"line":38,"column":5}}],"line":35},"3":{"loc":{"start":{"line":39,"column":4},"end":{"line":40,"column":54}},"type":"if","locations":[{"start":{"line":39,"column":4},"end":{"line":40,"column":54}},{"start":{"line":39,"column":4},"end":{"line":40,"column":54}}],"line":39},"4":{"loc":{"start":{"line":43,"column":4},"end":{"line":46,"column":5}},"type":"if","locations":[{"start":{"line":43,"column":4},"end":{"line":46,"column":5}},{"start":{"line":43,"column":4},"end":{"line":46,"column":5}}],"line":43},"5":{"loc":{"start":{"line":47,"column":4},"end":{"line":50,"column":5}},"type":"if","locations":[{"start":{"line":47,"column":4},"end":{"line":50,"column":5}},{"start":{"line":47,"column":4},"end":{"line":50,"column":5}}],"line":47},"6":{"loc":{"start":{"line":51,"column":4},"end":{"line":55,"column":5}},"type":"if","locations":[{"start":{"line":51,"column":4},"end":{"line":55,"column":5}},{"start":{"line":51,"column":4},"end":{"line":55,"column":5}}],"line":51},"7":{"loc":{"start":{"line":57,"column":4},"end":{"line":61,"column":5}},"type":"if","locations":[{"start":{"line":57,"column":4},"end":{"line":61,"column":5}},{"start":{"line":57,"column":4},"end":{"line":61,"column":5}}],"line":57},"8":{"loc":{"start":{"line":63,"column":4},"end":{"line":67,"column":5}},"type":"if","locations":[{"start":{"line":63,"column":4},"end":{"line":67,"column":5}},{"start":{"line":63,"column":4},"end":{"line":67,"column":5}}],"line":63},"9":{"loc":{"start":{"line":72,"column":8},"end":{"line":72,"column":74}},"type":"if","locations":[{"start":{"line":72,"column":8},"end":{"line":72,"column":74}},{"start":{"line":72,"column":8},"end":{"line":72,"column":74}}],"line":72},"10":{"loc":{"start":{"line":76,"column":8},"end":{"line":76,"column":48}},"type":"binary-expr","locations":[{"start":{"line":76,"column":8},"end":{"line":76,"column":16}},{"start":{"line":76,"column":21},"end":{"line":76,"column":47}}],"line":76},"11":{"loc":{"start":{"line":77,"column":8},"end":{"line":77,"column":39}},"type":"binary-expr","locations":[{"start":{"line":77,"column":8},"end":{"line":77,"column":13}},{"start":{"line":77,"column":18},"end":{"line":77,"column":38}}],"line":77},"12":{"loc":{"start":{"line":78,"column":8},"end":{"line":78,"column":48}},"type":"binary-expr","locations":[{"start":{"line":78,"column":8},"end":{"line":78,"column":16}},{"start":{"line":78,"column":21},"end":{"line":78,"column":47}}],"line":78},"13":{"loc":{"start":{"line":79,"column":8},"end":{"line":79,"column":57}},"type":"binary-expr","locations":[{"start":{"line":79,"column":8},"end":{"line":79,"column":19}},{"start":{"line":79,"column":24},"end":{"line":79,"column":56}}],"line":79},"14":{"loc":{"start":{"line":80,"column":8},"end":{"line":80,"column":39}},"type":"binary-expr","locations":[{"start":{"line":80,"column":8},"end":{"line":80,"column":13}},{"start":{"line":80,"column":18},"end":{"line":80,"column":38}}],"line":80},"15":{"loc":{"start":{"line":81,"column":8},"end":{"line":81,"column":39}},"type":"binary-expr","locations":[{"start":{"line":81,"column":8},"end":{"line":81,"column":13}},{"start":{"line":81,"column":18},"end":{"line":81,"column":38}}],"line":81},"16":{"loc":{"start":{"line":82,"column":8},"end":{"line":82,"column":51}},"type":"binary-expr","locations":[{"start":{"line":82,"column":8},"end":{"line":82,"column":17}},{"start":{"line":82,"column":22},"end":{"line":82,"column":50}}],"line":82},"17":{"loc":{"start":{"line":83,"column":8},"end":{"line":83,"column":48}},"type":"binary-expr","locations":[{"start":{"line":83,"column":8},"end":{"line":83,"column":16}},{"start":{"line":83,"column":21},"end":{"line":83,"column":47}}],"line":83}},"s":{"0":1,"1":1,"2":1,"3":0,"4":0,"5":0,"6":0,"7":0,"8":0,"9":0,"10":0,"11":0,"12":0,"13":0,"14":0,"15":0,"16":0,"17":0,"18":0,"19":0,"20":0,"21":0,"22":0,"23":0,"24":0,"25":0,"26":0,"27":0,"28":0,"29":0,"30":0,"31":0,"32":0,"33":0,"34":0,"35":0,"36":0,"37":0,"38":0,"39":0,"40":0,"41":0,"42":0,"43":0,"44":0},"f":{"0":0,"1":0},"b":{"0":[0,0],"1":[0,0],"2":[0,0],"3":[0,0],"4":[0,0],"5":[0,0],"6":[0,0],"7":[0,0],"8":[0,0],"9":[0,0],"10":[0,0],"11":[0,0],"12":[0,0],"13":[0,0],"14":[0,0],"15":[0,0],"16":[0,0],"17":[0,0]},"_coverageSchema":"43e27e138ebf9cfc5966b082cf9a028302ed4184","hash":"99a5c62cf7e7f8409f66ec91a8b13e3f6257c738","contentHash":"a6ab3701651dc8d628c7bcb2d34f987e792e58041e27f9da3eab5c80ef3b1a2a"},"/Users/elenarodriguez/bootcamp/collab/skylab-bootcamp-201909/staff/elena-rodriguez/upbeat/upbeat-api/logic/register-user/index.spec.js":{"path":"/Users/elenarodriguez/bootcamp/collab/skylab-bootcamp-201909/staff/elena-rodriguez/upbeat/upbeat-api/logic/register-user/index.spec.js","statementMap":{"0":{"start":{"line":1,"column":0},"end":{"line":1,"column":26}},"1":{"start":{"line":2,"column":33},"end":{"line":2,"column":40}},"2":{"start":{"line":3,"column":19},"end":{"line":3,"column":34}},"3":{"start":{"line":4,"column":21},"end":{"line":4,"column":33}},"4":{"start":{"line":5,"column":19},"end":{"line":5,"column":23}},"5":{"start":{"line":6,"column":37},"end":{"line":6,"column":59}},"6":{"start":{"line":7,"column":53},"end":{"line":7,"column":75}},"7":{"start":{"line":8,"column":15},"end":{"line":8,"column":34}},"8":{"start":{"line":12,"column":0},"end":{"line":162,"column":2}},"9":{"start":{"line":15,"column":4},"end":{"line":15,"column":47}},"10":{"start":{"line":15,"column":17},"end":{"line":15,"column":46}},"11":{"start":{"line":18,"column":4},"end":{"line":18,"column":29}},"12":{"start":{"line":19,"column":4},"end":{"line":19,"column":186}},"13":{"start":{"line":20,"column":4},"end":{"line":20,"column":83}},"14":{"start":{"line":22,"column":4},"end":{"line":35,"column":6}},"15":{"start":{"line":23,"column":8},"end":{"line":23,"column":41}},"16":{"start":{"line":24,"column":8},"end":{"line":24,"column":44}},"17":{"start":{"line":25,"column":8},"end":{"line":25,"column":41}},"18":{"start":{"line":26,"column":8},"end":{"line":26,"column":59}},"19":{"start":{"line":27,"column":8},"end":{"line":27,"column":52}},"20":{"start":{"line":28,"column":8},"end":{"line":28,"column":91}},"21":{"start":{"line":29,"column":8},"end":{"line":29,"column":74}},"22":{"start":{"line":30,"column":8},"end":{"line":31,"column":44}},"23":{"start":{"line":30,"column":28},"end":{"line":30,"column":62}},"24":{"start":{"line":31,"column":13},"end":{"line":31,"column":44}},"25":{"start":{"line":32,"column":8},"end":{"line":32,"column":46}},"26":{"start":{"line":34,"column":8},"end":{"line":34,"column":31}},"27":{"start":{"line":37,"column":4},"end":{"line":59,"column":6}},"28":{"start":{"line":39,"column":25},"end":{"line":39,"column":96}},"29":{"start":{"line":41,"column":8},"end":{"line":41,"column":40}},"30":{"start":{"line":43,"column":21},"end":{"line":43,"column":50}},"31":{"start":{"line":45,"column":8},"end":{"line":45,"column":29}},"32":{"start":{"line":47,"column":8},"end":{"line":47,"column":48}},"33":{"start":{"line":48,"column":8},"end":{"line":48,"column":42}},"34":{"start":{"line":50,"column":22},"end":{"line":50,"column":67}},"35":{"start":{"line":51,"column":8},"end":{"line":51,"column":32}},"36":{"start":{"line":53,"column":8},"end":{"line":53,"column":38}},"37":{"start":{"line":55,"column":8},"end":{"line":55,"column":82}},"38":{"start":{"line":56,"column":8},"end":{"line":56,"column":76}},"39":{"start":{"line":61,"column":4},"end":{"line":80,"column":6}},"40":{"start":{"line":63,"column":8},"end":{"line":63,"column":93}},"41":{"start":{"line":63,"column":25},"end":{"line":63,"column":92}},"42":{"start":{"line":66,"column":8},"end":{"line":79,"column":10}},"43":{"start":{"line":67,"column":12},"end":{"line":78,"column":13}},"44":{"start":{"line":68,"column":16},"end":{"line":68,"column":87}},"45":{"start":{"line":70,"column":16},"end":{"line":70,"column":58}},"46":{"start":{"line":72,"column":16},"end":{"line":72,"column":38}},"47":{"start":{"line":74,"column":16},"end":{"line":74,"column":46}},"48":{"start":{"line":75,"column":16},"end":{"line":75,"column":63}},"49":{"start":{"line":76,"column":16},"end":{"line":76,"column":65}},"50":{"start":{"line":77,"column":16},"end":{"line":77,"column":95}},"51":{"start":{"line":82,"column":4},"end":{"line":157,"column":6}},"52":{"start":{"line":84,"column":8},"end":{"line":84,"column":78}},"53":{"start":{"line":84,"column":21},"end":{"line":84,"column":36}},"54":{"start":{"line":85,"column":8},"end":{"line":85,"column":84}},"55":{"start":{"line":85,"column":21},"end":{"line":85,"column":39}},"56":{"start":{"line":86,"column":8},"end":{"line":86,"column":78}},"57":{"start":{"line":86,"column":21},"end":{"line":86,"column":37}},"58":{"start":{"line":87,"column":8},"end":{"line":87,"column":93}},"59":{"start":{"line":87,"column":21},"end":{"line":87,"column":37}},"60":{"start":{"line":88,"column":8},"end":{"line":88,"column":94}},"61":{"start":{"line":88,"column":21},"end":{"line":88,"column":44}},"62":{"start":{"line":89,"column":8},"end":{"line":89,"column":84}},"63":{"start":{"line":89,"column":21},"end":{"line":89,"column":39}},"64":{"start":{"line":91,"column":8},"end":{"line":91,"column":91}},"65":{"start":{"line":91,"column":21},"end":{"line":91,"column":37}},"66":{"start":{"line":92,"column":8},"end":{"line":92,"column":96}},"67":{"start":{"line":92,"column":21},"end":{"line":92,"column":42}},"68":{"start":{"line":94,"column":8},"end":{"line":94,"column":99}},"69":{"start":{"line":94,"column":21},"end":{"line":94,"column":47}},"70":{"start":{"line":95,"column":8},"end":{"line":95,"column":104}},"71":{"start":{"line":95,"column":21},"end":{"line":95,"column":52}},"72":{"start":{"line":97,"column":8},"end":{"line":97,"column":88}},"73":{"start":{"line":97,"column":21},"end":{"line":97,"column":46}},"74":{"start":{"line":98,"column":8},"end":{"line":98,"column":94}},"75":{"start":{"line":98,"column":21},"end":{"line":98,"column":49}},"76":{"start":{"line":99,"column":8},"end":{"line":99,"column":88}},"77":{"start":{"line":99,"column":21},"end":{"line":99,"column":47}},"78":{"start":{"line":100,"column":8},"end":{"line":100,"column":103}},"79":{"start":{"line":100,"column":21},"end":{"line":100,"column":47}},"80":{"start":{"line":101,"column":8},"end":{"line":101,"column":104}},"81":{"start":{"line":101,"column":21},"end":{"line":101,"column":54}},"82":{"start":{"line":102,"column":8},"end":{"line":102,"column":94}},"83":{"start":{"line":102,"column":21},"end":{"line":102,"column":49}},"84":{"start":{"line":104,"column":8},"end":{"line":104,"column":108}},"85":{"start":{"line":104,"column":21},"end":{"line":104,"column":54}},"86":{"start":{"line":105,"column":8},"end":{"line":105,"column":113}},"87":{"start":{"line":105,"column":21},"end":{"line":105,"column":59}},"88":{"start":{"line":109,"column":8},"end":{"line":109,"column":95}},"89":{"start":{"line":109,"column":21},"end":{"line":109,"column":53}},"90":{"start":{"line":110,"column":8},"end":{"line":110,"column":101}},"91":{"start":{"line":110,"column":21},"end":{"line":110,"column":56}},"92":{"start":{"line":111,"column":8},"end":{"line":111,"column":95}},"93":{"start":{"line":111,"column":21},"end":{"line":111,"column":54}},"94":{"start":{"line":112,"column":8},"end":{"line":112,"column":110}},"95":{"start":{"line":112,"column":21},"end":{"line":112,"column":54}},"96":{"start":{"line":113,"column":8},"end":{"line":113,"column":111}},"97":{"start":{"line":113,"column":21},"end":{"line":113,"column":61}},"98":{"start":{"line":114,"column":8},"end":{"line":114,"column":101}},"99":{"start":{"line":114,"column":21},"end":{"line":114,"column":56}},"100":{"start":{"line":117,"column":8},"end":{"line":117,"column":105}},"101":{"start":{"line":117,"column":21},"end":{"line":117,"column":63}},"102":{"start":{"line":118,"column":8},"end":{"line":118,"column":111}},"103":{"start":{"line":118,"column":21},"end":{"line":118,"column":66}},"104":{"start":{"line":119,"column":8},"end":{"line":119,"column":105}},"105":{"start":{"line":119,"column":21},"end":{"line":119,"column":64}},"106":{"start":{"line":120,"column":8},"end":{"line":120,"column":120}},"107":{"start":{"line":120,"column":21},"end":{"line":120,"column":64}},"108":{"start":{"line":121,"column":8},"end":{"line":121,"column":121}},"109":{"start":{"line":121,"column":21},"end":{"line":121,"column":71}},"110":{"start":{"line":122,"column":8},"end":{"line":122,"column":111}},"111":{"start":{"line":122,"column":21},"end":{"line":122,"column":66}},"112":{"start":{"line":124,"column":8},"end":{"line":124,"column":113}},"113":{"start":{"line":124,"column":21},"end":{"line":124,"column":64}},"114":{"start":{"line":125,"column":8},"end":{"line":125,"column":118}},"115":{"start":{"line":125,"column":21},"end":{"line":125,"column":69}},"116":{"start":{"line":126,"column":8},"end":{"line":126,"column":20}},"117":{"start":{"line":127,"column":8},"end":{"line":127,"column":109}},"118":{"start":{"line":127,"column":21},"end":{"line":127,"column":68}},"119":{"start":{"line":128,"column":8},"end":{"line":128,"column":115}},"120":{"start":{"line":128,"column":21},"end":{"line":128,"column":71}},"121":{"start":{"line":130,"column":8},"end":{"line":130,"column":124}},"122":{"start":{"line":130,"column":21},"end":{"line":130,"column":69}},"123":{"start":{"line":131,"column":8},"end":{"line":131,"column":125}},"124":{"start":{"line":131,"column":21},"end":{"line":131,"column":76}},"125":{"start":{"line":132,"column":8},"end":{"line":132,"column":115}},"126":{"start":{"line":132,"column":21},"end":{"line":132,"column":71}},"127":{"start":{"line":135,"column":8},"end":{"line":135,"column":22}},"128":{"start":{"line":136,"column":8},"end":{"line":136,"column":123}},"129":{"start":{"line":136,"column":21},"end":{"line":136,"column":81}},"130":{"start":{"line":137,"column":8},"end":{"line":137,"column":129}},"131":{"start":{"line":137,"column":21},"end":{"line":137,"column":84}},"132":{"start":{"line":138,"column":8},"end":{"line":138,"column":123}},"133":{"start":{"line":138,"column":21},"end":{"line":138,"column":82}},"134":{"start":{"line":139,"column":8},"end":{"line":139,"column":138}},"135":{"start":{"line":139,"column":21},"end":{"line":139,"column":82}},"136":{"start":{"line":140,"column":8},"end":{"line":140,"column":139}},"137":{"start":{"line":140,"column":21},"end":{"line":140,"column":89}},"138":{"start":{"line":141,"column":8},"end":{"line":141,"column":129}},"139":{"start":{"line":141,"column":21},"end":{"line":141,"column":84}},"140":{"start":{"line":161,"column":4},"end":{"line":161,"column":60}},"141":{"start":{"line":161,"column":16},"end":{"line":161,"column":59}}},"fnMap":{"0":{"name":"(anonymous_0)","decl":{"start":{"line":12,"column":34},"end":{"line":12,"column":35}},"loc":{"start":{"line":12,"column":40},"end":{"line":162,"column":1}},"line":12},"1":{"name":"(anonymous_1)","decl":{"start":{"line":15,"column":11},"end":{"line":15,"column":12}},"loc":{"start":{"line":15,"column":17},"end":{"line":15,"column":46}},"line":15},"2":{"name":"(anonymous_2)","decl":{"start":{"line":22,"column":15},"end":{"line":22,"column":16}},"loc":{"start":{"line":22,"column":27},"end":{"line":35,"column":5}},"line":22},"3":{"name":"(anonymous_3)","decl":{"start":{"line":37,"column":48},"end":{"line":37,"column":49}},"loc":{"start":{"line":37,"column":60},"end":{"line":59,"column":5}},"line":37},"4":{"name":"(anonymous_4)","decl":{"start":{"line":61,"column":41},"end":{"line":61,"column":42}},"loc":{"start":{"line":61,"column":47},"end":{"line":80,"column":5}},"line":61},"5":{"name":"(anonymous_5)","decl":{"start":{"line":63,"column":19},"end":{"line":63,"column":20}},"loc":{"start":{"line":63,"column":25},"end":{"line":63,"column":92}},"line":63},"6":{"name":"(anonymous_6)","decl":{"start":{"line":66,"column":51},"end":{"line":66,"column":52}},"loc":{"start":{"line":66,"column":63},"end":{"line":79,"column":9}},"line":66},"7":{"name":"(anonymous_7)","decl":{"start":{"line":82,"column":113},"end":{"line":82,"column":114}},"loc":{"start":{"line":82,"column":119},"end":{"line":157,"column":5}},"line":82},"8":{"name":"(anonymous_8)","decl":{"start":{"line":84,"column":15},"end":{"line":84,"column":16}},"loc":{"start":{"line":84,"column":21},"end":{"line":84,"column":36}},"line":84},"9":{"name":"(anonymous_9)","decl":{"start":{"line":85,"column":15},"end":{"line":85,"column":16}},"loc":{"start":{"line":85,"column":21},"end":{"line":85,"column":39}},"line":85},"10":{"name":"(anonymous_10)","decl":{"start":{"line":86,"column":15},"end":{"line":86,"column":16}},"loc":{"start":{"line":86,"column":21},"end":{"line":86,"column":37}},"line":86},"11":{"name":"(anonymous_11)","decl":{"start":{"line":87,"column":15},"end":{"line":87,"column":16}},"loc":{"start":{"line":87,"column":21},"end":{"line":87,"column":37}},"line":87},"12":{"name":"(anonymous_12)","decl":{"start":{"line":88,"column":15},"end":{"line":88,"column":16}},"loc":{"start":{"line":88,"column":21},"end":{"line":88,"column":44}},"line":88},"13":{"name":"(anonymous_13)","decl":{"start":{"line":89,"column":15},"end":{"line":89,"column":16}},"loc":{"start":{"line":89,"column":21},"end":{"line":89,"column":39}},"line":89},"14":{"name":"(anonymous_14)","decl":{"start":{"line":91,"column":15},"end":{"line":91,"column":16}},"loc":{"start":{"line":91,"column":21},"end":{"line":91,"column":37}},"line":91},"15":{"name":"(anonymous_15)","decl":{"start":{"line":92,"column":15},"end":{"line":92,"column":16}},"loc":{"start":{"line":92,"column":21},"end":{"line":92,"column":42}},"line":92},"16":{"name":"(anonymous_16)","decl":{"start":{"line":94,"column":15},"end":{"line":94,"column":16}},"loc":{"start":{"line":94,"column":21},"end":{"line":94,"column":47}},"line":94},"17":{"name":"(anonymous_17)","decl":{"start":{"line":95,"column":15},"end":{"line":95,"column":16}},"loc":{"start":{"line":95,"column":21},"end":{"line":95,"column":52}},"line":95},"18":{"name":"(anonymous_18)","decl":{"start":{"line":97,"column":15},"end":{"line":97,"column":16}},"loc":{"start":{"line":97,"column":21},"end":{"line":97,"column":46}},"line":97},"19":{"name":"(anonymous_19)","decl":{"start":{"line":98,"column":15},"end":{"line":98,"column":16}},"loc":{"start":{"line":98,"column":21},"end":{"line":98,"column":49}},"line":98},"20":{"name":"(anonymous_20)","decl":{"start":{"line":99,"column":15},"end":{"line":99,"column":16}},"loc":{"start":{"line":99,"column":21},"end":{"line":99,"column":47}},"line":99},"21":{"name":"(anonymous_21)","decl":{"start":{"line":100,"column":15},"end":{"line":100,"column":16}},"loc":{"start":{"line":100,"column":21},"end":{"line":100,"column":47}},"line":100},"22":{"name":"(anonymous_22)","decl":{"start":{"line":101,"column":15},"end":{"line":101,"column":16}},"loc":{"start":{"line":101,"column":21},"end":{"line":101,"column":54}},"line":101},"23":{"name":"(anonymous_23)","decl":{"start":{"line":102,"column":15},"end":{"line":102,"column":16}},"loc":{"start":{"line":102,"column":21},"end":{"line":102,"column":49}},"line":102},"24":{"name":"(anonymous_24)","decl":{"start":{"line":104,"column":15},"end":{"line":104,"column":16}},"loc":{"start":{"line":104,"column":21},"end":{"line":104,"column":54}},"line":104},"25":{"name":"(anonymous_25)","decl":{"start":{"line":105,"column":15},"end":{"line":105,"column":16}},"loc":{"start":{"line":105,"column":21},"end":{"line":105,"column":59}},"line":105},"26":{"name":"(anonymous_26)","decl":{"start":{"line":109,"column":15},"end":{"line":109,"column":16}},"loc":{"start":{"line":109,"column":21},"end":{"line":109,"column":53}},"line":109},"27":{"name":"(anonymous_27)","decl":{"start":{"line":110,"column":15},"end":{"line":110,"column":16}},"loc":{"start":{"line":110,"column":21},"end":{"line":110,"column":56}},"line":110},"28":{"name":"(anonymous_28)","decl":{"start":{"line":111,"column":15},"end":{"line":111,"column":16}},"loc":{"start":{"line":111,"column":21},"end":{"line":111,"column":54}},"line":111},"29":{"name":"(anonymous_29)","decl":{"start":{"line":112,"column":15},"end":{"line":112,"column":16}},"loc":{"start":{"line":112,"column":21},"end":{"line":112,"column":54}},"line":112},"30":{"name":"(anonymous_30)","decl":{"start":{"line":113,"column":15},"end":{"line":113,"column":16}},"loc":{"start":{"line":113,"column":21},"end":{"line":113,"column":61}},"line":113},"31":{"name":"(anonymous_31)","decl":{"start":{"line":114,"column":15},"end":{"line":114,"column":16}},"loc":{"start":{"line":114,"column":21},"end":{"line":114,"column":56}},"line":114},"32":{"name":"(anonymous_32)","decl":{"start":{"line":117,"column":15},"end":{"line":117,"column":16}},"loc":{"start":{"line":117,"column":21},"end":{"line":117,"column":63}},"line":117},"33":{"name":"(anonymous_33)","decl":{"start":{"line":118,"column":15},"end":{"line":118,"column":16}},"loc":{"start":{"line":118,"column":21},"end":{"line":118,"column":66}},"line":118},"34":{"name":"(anonymous_34)","decl":{"start":{"line":119,"column":15},"end":{"line":119,"column":16}},"loc":{"start":{"line":119,"column":21},"end":{"line":119,"column":64}},"line":119},"35":{"name":"(anonymous_35)","decl":{"start":{"line":120,"column":15},"end":{"line":120,"column":16}},"loc":{"start":{"line":120,"column":21},"end":{"line":120,"column":64}},"line":120},"36":{"name":"(anonymous_36)","decl":{"start":{"line":121,"column":15},"end":{"line":121,"column":16}},"loc":{"start":{"line":121,"column":21},"end":{"line":121,"column":71}},"line":121},"37":{"name":"(anonymous_37)","decl":{"start":{"line":122,"column":15},"end":{"line":122,"column":16}},"loc":{"start":{"line":122,"column":21},"end":{"line":122,"column":66}},"line":122},"38":{"name":"(anonymous_38)","decl":{"start":{"line":124,"column":15},"end":{"line":124,"column":16}},"loc":{"start":{"line":124,"column":21},"end":{"line":124,"column":64}},"line":124},"39":{"name":"(anonymous_39)","decl":{"start":{"line":125,"column":15},"end":{"line":125,"column":16}},"loc":{"start":{"line":125,"column":21},"end":{"line":125,"column":69}},"line":125},"40":{"name":"(anonymous_40)","decl":{"start":{"line":127,"column":15},"end":{"line":127,"column":16}},"loc":{"start":{"line":127,"column":21},"end":{"line":127,"column":68}},"line":127},"41":{"name":"(anonymous_41)","decl":{"start":{"line":128,"column":15},"end":{"line":128,"column":16}},"loc":{"start":{"line":128,"column":21},"end":{"line":128,"column":71}},"line":128},"42":{"name":"(anonymous_42)","decl":{"start":{"line":130,"column":15},"end":{"line":130,"column":16}},"loc":{"start":{"line":130,"column":21},"end":{"line":130,"column":69}},"line":1
[...]
:16},"end":{"line":76,"column":93}},"line":76}},"branchMap":{},"s":{"0":1,"1":1,"2":1,"3":1,"4":1,"5":1,"6":1,"7":1,"8":1,"9":0,"10":1,"11":0,"12":0,"13":0,"14":0,"15":0,"16":0,"17":0,"18":0,"19":0,"20":0,"21":0,"22":1,"23":0,"24":0,"25":0,"26":0,"27":0,"28":1,"29":0,"30":0,"31":0,"32":0,"33":0,"34":0,"35":0,"36":1,"37":0,"38":0,"39":0,"40":0,"41":0,"42":0,"43":0,"44":0,"45":0,"46":0,"47":0,"48":0,"49":0,"50":0,"51":0,"52":0,"53":1,"54":0},"f":{"0":1,"1":0,"2":0,"3":0,"4":0,"5":0,"6":0,"7":0,"8":0,"9":0,"10":0,"11":0,"12":0,"13":0,"14":0,"15":0},"b":{},"_coverageSchema":"43e27e138ebf9cfc5966b082cf9a028302ed4184","hash":"ff88de100698d0fc5a0f79e47270a6298dfdc53a","contentHash":"7861e3d6b15d4aa4c71ed71949522044eec3894c6f2b0e1d7ab8d0f7073c9750"},"/Users/elenarodriguez/bootcamp/collab/skylab-bootcamp-201909/staff/elena-rodriguez/upbeat/upbeat-api/logic/retrieve-chats/index.js":{"path":"/Users/elenarodriguez/bootcamp/collab/skylab-bootcamp-201909/staff/elena-rodriguez/upbeat/upbeat-api/logic/retrieve-chats/index.js","statementMap":{"0":{"start":{"line":2,"column":54},"end":{"line":2,"column":76}},"1":{"start":{"line":3,"column":62},"end":{"line":3,"column":84}},"2":{"start":{"line":6,"column":0},"end":{"line":26,"column":1}},"3":{"start":{"line":7,"column":4},"end":{"line":7,"column":27}},"4":{"start":{"line":8,"column":4},"end":{"line":8,"column":45}},"5":{"start":{"line":9,"column":4},"end":{"line":9,"column":88}},"6":{"start":{"line":9,"column":35},"end":{"line":9,"column":88}},"7":{"start":{"line":12,"column":4},"end":{"line":25,"column":8}},"8":{"start":{"line":14,"column":21},"end":{"line":14,"column":48}},"9":{"start":{"line":15,"column":8},"end":{"line":15,"column":78}},"10":{"start":{"line":15,"column":19},"end":{"line":15,"column":78}},"11":{"start":{"line":17,"column":22},"end":{"line":17,"column":69}},"12":{"start":{"line":20,"column":8},"end":{"line":20,"column":79}},"13":{"start":{"line":20,"column":20},"end":{"line":20,"column":79}},"14":{"start":{"line":22,"column":8},"end":{"line":22,"column":20}}},"fnMap":{"0":{"name":"(anonymous_0)","decl":{"start":{"line":6,"column":17},"end":{"line":6,"column":18}},"loc":{"start":{"line":6,"column":34},"end":{"line":26,"column":1}},"line":6},"1":{"name":"(anonymous_1)","decl":{"start":{"line":12,"column":12},"end":{"line":12,"column":13}},"loc":{"start":{"line":12,"column":23},"end":{"line":25,"column":5}},"line":12}},"branchMap":{"0":{"loc":{"start":{"line":9,"column":4},"end":{"line":9,"column":88}},"type":"if","locations":[{"start":{"line":9,"column":4},"end":{"line":9,"column":88}},{"start":{"line":9,"column":4},"end":{"line":9,"column":88}}],"line":9},"1":{"loc":{"start":{"line":15,"column":8},"end":{"line":15,"column":78}},"type":"if","locations":[{"start":{"line":15,"column":8},"end":{"line":15,"column":78}},{"start":{"line":15,"column":8},"end":{"line":15,"column":78}}],"line":15},"2":{"loc":{"start":{"line":20,"column":8},"end":{"line":20,"column":79}},"type":"if","locations":[{"start":{"line":20,"column":8},"end":{"line":20,"column":79}},{"start":{"line":20,"column":8},"end":{"line":20,"column":79}}],"line":20}},"s":{"0":1,"1":1,"2":1,"3":0,"4":0,"5":0,"6":0,"7":0,"8":0,"9":0,"10":0,"11":0,"12":0,"13":0,"14":0},"f":{"0":0,"1":0},"b":{"0":[0,0],"1":[0,0],"2":[0,0]},"_coverageSchema":"43e27e138ebf9cfc5966b082cf9a028302ed4184","hash":"1b237953fd4a30f9c48dbd90d37411cae0f6d82c","contentHash":"85daf61f3d12389f0d86aa1c92499d3be2bd7d09af3cd8c87f515d250b0a40ae"},"/Users/elenarodriguez/bootcamp/collab/skylab-bootcamp-201909/staff/elena-rodriguez/upbeat/upbeat-api/logic/retrieve-favs/index.spec.js":{"path":"/Users/elenarodriguez/bootcamp/collab/skylab-bootcamp-201909/staff/elena-rodriguez/upbeat/upbeat-api/logic/retrieve-favs/index.spec.js","statementMap":{"0":{"start":{"line":1,"column":0},"end":{"line":1,"column":26}},"1":{"start":{"line":2,"column":33},"end":{"line":2,"column":40}},"2":{"start":{"line":3,"column":19},"end":{"line":3,"column":34}},"3":{"start":{"line":4,"column":19},"end":{"line":4,"column":23}},"4":{"start":{"line":5,"column":21},"end":{"line":5,"column":33}},"5":{"start":{"line":6,"column":38},"end":{"line":6,"column":60}},"6":{"start":{"line":7,"column":39},"end":{"line":7,"column":61}},"7":{"start":{"line":8,"column":15},"end":{"line":8,"column":34}},"8":{"start":{"line":10,"column":0},"end":{"line":73,"column":2}},"9":{"start":{"line":11,"column":4},"end":{"line":11,"column":47}},"10":{"start":{"line":11,"column":17},"end":{"line":11,"column":46}},"11":{"start":{"line":13,"column":4},"end":{"line":13,"column":29}},"12":{"start":{"line":14,"column":4},"end":{"line":14,"column":186}},"13":{"start":{"line":15,"column":4},"end":{"line":15,"column":83}},"14":{"start":{"line":17,"column":4},"end":{"line":47,"column":6}},"15":{"start":{"line":18,"column":8},"end":{"line":18,"column":41}},"16":{"start":{"line":19,"column":8},"end":{"line":19,"column":44}},"17":{"start":{"line":20,"column":8},"end":{"line":20,"column":41}},"18":{"start":{"line":21,"column":8},"end":{"line":21,"column":59}},"19":{"start":{"line":22,"column":8},"end":{"line":22,"column":41}},"20":{"start":{"line":23,"column":8},"end":{"line":23,"column":91}},"21":{"start":{"line":24,"column":8},"end":{"line":24,"column":74}},"22":{"start":{"line":29,"column":8},"end":{"line":29,"column":42}},"23":{"start":{"line":30,"column":8},"end":{"line":30,"column":45}},"24":{"start":{"line":31,"column":8},"end":{"line":31,"column":42}},"25":{"start":{"line":32,"column":8},"end":{"line":32,"column":60}},"26":{"start":{"line":33,"column":8},"end":{"line":33,"column":42}},"27":{"start":{"line":34,"column":8},"end":{"line":34,"column":92}},"28":{"start":{"line":35,"column":8},"end":{"line":35,"column":75}},"29":{"start":{"line":37,"column":8},"end":{"line":37,"column":46}},"30":{"start":{"line":40,"column":8},"end":{"line":40,"column":31}},"31":{"start":{"line":41,"column":21},"end":{"line":41,"column":111}},"32":{"start":{"line":42,"column":8},"end":{"line":42,"column":183}},"33":{"start":{"line":43,"column":8},"end":{"line":43,"column":20}},"34":{"start":{"line":44,"column":8},"end":{"line":44,"column":22}},"35":{"start":{"line":45,"column":8},"end":{"line":45,"column":27}},"36":{"start":{"line":46,"column":8},"end":{"line":46,"column":25}},"37":{"start":{"line":49,"column":4},"end":{"line":57,"column":6}},"38":{"start":{"line":50,"column":25},"end":{"line":50,"column":47}},"39":{"start":{"line":51,"column":8},"end":{"line":51,"column":33}},"40":{"start":{"line":52,"column":8},"end":{"line":52,"column":51}},"41":{"start":{"line":53,"column":8},"end":{"line":53,"column":66}},"42":{"start":{"line":54,"column":8},"end":{"line":54,"column":60}},"43":{"start":{"line":55,"column":8},"end":{"line":55,"column":56}},"44":{"start":{"line":72,"column":4},"end":{"line":72,"column":60}},"45":{"start":{"line":72,"column":16},"end":{"line":72,"column":59}}},"fnMap":{"0":{"name":"(anonymous_0)","decl":{"start":{"line":10,"column":34},"end":{"line":10,"column":35}},"loc":{"start":{"line":10,"column":40},"end":{"line":73,"column":1}},"line":10},"1":{"name":"(anonymous_1)","decl":{"start":{"line":11,"column":11},"end":{"line":11,"column":12}},"loc":{"start":{"line":11,"column":17},"end":{"line":11,"column":46}},"line":11},"2":{"name":"(anonymous_2)","decl":{"start":{"line":17,"column":16},"end":{"line":17,"column":17}},"loc":{"start":{"line":17,"column":27},"end":{"line":47,"column":5}},"line":17},"3":{"name":"(anonymous_3)","decl":{"start":{"line":49,"column":44},"end":{"line":49,"column":45}},"loc":{"start":{"line":49,"column":56},"end":{"line":57,"column":5}},"line":49},"4":{"name":"(anonymous_4)","decl":{"start":{"line":72,"column":10},"end":{"line":72,"column":11}},"loc":{"start":{"line":72,"column":16},"end":{"line":72,"column":59}},"line":72}},"branchMap":{},"s":{"0":1,"1":1,"2":1,"3":1,"4":1,"5":1,"6":1,"7":1,"8":1,"9":1,"10":0,"11":1,"12":1,"13":1,"14":1,"15":0,"16":0,"17":0,"18":0,"19":0,"20":0,"21":0,"22":0,"23":0,"24":0,"25":0,"26":0,"27":0,"28":0,"29":0,"30":0,"31":0,"32":0,"33":0,"34":0,"35":0,"36":0,"37":1,"38":0,"39":0,"40":0,"41":0,"42":0,"43":0,"44":1,"45":0},"f":{"0":1,"1":0,"2":0,"3":0,"4":0},"b":{},"_coverageSchema":"43e27e138ebf9cfc5966b082cf9a028302ed4184","hash":"f5b78468305427b2d9199734f0e9e004fb03c342","contentHash":"fa440fb5e16afd3ccdd93e681ffbfdf4d78718dcf9c78618e588788af1a52be6"},"/Users/elenarodriguez/bootcamp/collab/skylab-bootcamp-201909/staff/elena-rodriguez/upbeat/upbeat-api/logic/retrieve-favs/index.js":{"path":"/Users/elenarodriguez/bootcamp/collab/skylab-bootcamp-201909/staff/elena-rodriguez/upbeat/upbeat-api/logic/retrieve-favs/index.js","statementMap":{"0":{"start":{"line":1,"column":62},"end":{"line":1,"column":84}},"1":{"start":{"line":2,"column":39},"end":{"line":2,"column":61}},"2":{"start":{"line":16,"column":0},"end":{"line":37,"column":1}},"3":{"start":{"line":18,"column":4},"end":{"line":18,"column":23}},"4":{"start":{"line":19,"column":4},"end":{"line":19,"column":37}},"5":{"start":{"line":20,"column":4},"end":{"line":20,"column":80}},"6":{"start":{"line":20,"column":31},"end":{"line":20,"column":80}},"7":{"start":{"line":22,"column":4},"end":{"line":36,"column":8}},"8":{"start":{"line":23,"column":21},"end":{"line":23,"column":61}},"9":{"start":{"line":25,"column":8},"end":{"line":25,"column":74}},"10":{"start":{"line":25,"column":19},"end":{"line":25,"column":74}},"11":{"start":{"line":27,"column":25},"end":{"line":27,"column":29}},"12":{"start":{"line":29,"column":8},"end":{"line":32,"column":10}},"13":{"start":{"line":30,"column":104},"end":{"line":30,"column":107}},"14":{"start":{"line":31,"column":12},"end":{"line":31,"column":103}},"15":{"start":{"line":34,"column":8},"end":{"line":34,"column":21}}},"fnMap":{"0":{"name":"(anonymous_0)","decl":{"start":{"line":16,"column":17},"end":{"line":16,"column":18}},"loc":{"start":{"line":16,"column":31},"end":{"line":37,"column":1}},"line":16},"1":{"name":"(anonymous_1)","decl":{"start":{"line":22,"column":12},"end":{"line":22,"column":13}},"loc":{"start":{"line":22,"column":24},"end":{"line":36,"column":5}},"line":22},"2":{"name":"(anonymous_2)","decl":{"start":{"line":29,"column":26},"end":{"line":29,"column":27}},"loc":{"start":{"line":29,"column":35},"end":{"line":32,"column":9}},"line":29}},"branchMap":{"0":{"loc":{"start":{"line":20,"column":4},"end":{"line":20,"column":80}},"type":"if","locations":[{"start":{"line":20,"column":4},"end":{"line":20,"column":80}},{"start":{"line":20,"column":4},"end":{"line":20,"column":80}}],"line":20},"1":{"loc":{"start":{"line":25,"column":8},"end":{"line":25,"column":74}},"type":"if","locations":[{"start":{"line":25,"column":8},"end":{"line":25,"column":74}},{"start":{"line":25,"column":8},"end":{"line":25,"column":74}}],"line":25}},"s":{"0":1,"1":1,"2":1,"3":0,"4":0,"5":0,"6":0,"7":0,"8":0,"9":0,"10":0,"11":0,"12":0,"13":0,"14":0,"15":0},"f":{"0":0,"1":0,"2":0},"b":{"0":[0,0],"1":[0,0]},"_coverageSchema":"43e27e138ebf9cfc5966b082cf9a028302ed4184","hash":"c15a2ecdbdcbc3ca634c4078887983758f25045e","contentHash":"6e37b05bd01f22c6a98e853c62d29083a35f127a492cf53a3a48780e1d96845c"},"/Users/elenarodriguez/bootcamp/collab/skylab-bootcamp-201909/staff/elena-rodriguez/upbeat/upbeat-api/logic/retrieve-musicians/index.spec.js":{"path":"/Users/elenarodriguez/bootcamp/collab/skylab-bootcamp-201909/staff/elena-rodriguez/upbeat/upbeat-api/logic/retrieve-musicians/index.spec.js","statementMap":{"0":{"start":{"line":1,"column":0},"end":{"line":1,"column":26}},"1":{"start":{"line":2,"column":33},"end":{"line":2,"column":40}},"2":{"start":{"line":3,"column":19},"end":{"line":3,"column":34}},"3":{"start":{"line":4,"column":19},"end":{"line":4,"column":23}},"4":{"start":{"line":5,"column":25},"end":{"line":5,"column":37}},"5":{"start":{"line":6,"column":38},"end":{"line":6,"column":60}},"6":{"start":{"line":7,"column":53},"end":{"line":7,"column":75}},"7":{"start":{"line":8,"column":15},"end":{"line":8,"column":34}},"8":{"start":{"line":10,"column":0},"end":{"line":77,"column":2}},"9":{"start":{"line":11,"column":4},"end":{"line":11,"column":47}},"10":{"start":{"line":11,"column":17},"end":{"line":11,"column":46}},"11":{"start":{"line":14,"column":4},"end":{"line":14,"column":29}},"12":{"start":{"line":15,"column":4},"end":{"line":15,"column":186}},"13":{"start":{"line":16,"column":4},"end":{"line":16,"column":83}},"14":{"start":{"line":20,"column":4},"end":{"line":37,"column":6}},"15":{"start":{"line":21,"column":8},"end":{"line":21,"column":41}},"16":{"start":{"line":22,"column":8},"end":{"line":22,"column":44}},"17":{"start":{"line":23,"column":8},"end":{"line":23,"column":41}},"18":{"start":{"line":24,"column":8},"end":{"line":24,"column":59}},"19":{"start":{"line":25,"column":8},"end":{"line":25,"column":28}},"20":{"start":{"line":26,"column":8},"end":{"line":26,"column":27}},"21":{"start":{"line":27,"column":8},"end":{"line":27,"column":91}},"22":{"start":{"line":28,"column":8},"end":{"line":28,"column":74}},"23":{"start":{"line":29,"column":8},"end":{"line":30,"column":44}},"24":{"start":{"line":29,"column":28},"end":{"line":29,"column":62}},"25":{"start":{"line":30,"column":13},"end":{"line":30,"column":44}},"26":{"start":{"line":33,"column":8},"end":{"line":33,"column":31}},"27":{"start":{"line":35,"column":25},"end":{"line":35,"column":174}},"28":{"start":{"line":36,"column":8},"end":{"line":36,"column":24}},"29":{"start":{"line":43,"column":4},"end":{"line":60,"column":6}},"30":{"start":{"line":44,"column":25},"end":{"line":44,"column":51}},"31":{"start":{"line":45,"column":8},"end":{"line":45,"column":33}},"32":{"start":{"line":46,"column":8},"end":{"line":46,"column":40}},"33":{"start":{"line":47,"column":8},"end":{"line":47,"column":45}},"34":{"start":{"line":48,"column":8},"end":{"line":48,"column":41}},"35":{"start":{"line":49,"column":8},"end":{"line":49,"column":52}},"36":{"start":{"line":50,"column":8},"end":{"line":50,"column":51}},"37":{"start":{"line":51,"column":8},"end":{"line":51,"column":46}},"38":{"start":{"line":52,"column":8},"end":{"line":52,"column":48}},"39":{"start":{"line":53,"column":8},"end":{"line":53,"column":49}},"40":{"start":{"line":54,"column":8},"end":{"line":54,"column":46}},"41":{"start":{"line":55,"column":8},"end":{"line":55,"column":42}},"42":{"start":{"line":56,"column":8},"end":{"line":56,"column":90}},"43":{"start":{"line":57,"column":8},"end":{"line":57,"column":84}},"44":{"start":{"line":58,"column":8},"end":{"line":58,"column":63}},"45":{"start":{"line":62,"column":4},"end":{"line":74,"column":6}},"46":{"start":{"line":63,"column":19},"end":{"line":63,"column":45}},"47":{"start":{"line":65,"column":8},"end":{"line":73,"column":9}},"48":{"start":{"line":66,"column":12},"end":{"line":66,"column":38}},"49":{"start":{"line":68,"column":12},"end":{"line":68,"column":54}},"50":{"start":{"line":70,"column":12},"end":{"line":70,"column":34}},"51":{"start":{"line":71,"column":12},"end":{"line":71,"column":60}},"52":{"start":{"line":72,"column":12},"end":{"line":72,"column":74}},"53":{"start":{"line":76,"column":4},"end":{"line":76,"column":60}},"54":{"start":{"line":76,"column":16},"end":{"line":76,"column":59}}},"fnMap":{"0":{"name":"(anonymous_0)","decl":{"start":{"line":10,"column":38},"end":{"line":10,"column":39}},"loc":{"start":{"line":10,"column":44},"end":{"line":77,"column":1}},"line":10},"1":{"name":"(anonymous_1)","decl":{"start":{"line":11,"column":11},"end":{"line":11,"column":12}},"loc":{"start":{"line":11,"column":17},"end":{"line":11,"column":46}},"line":11},"2":{"name":"(anonymous_2)","decl":{"start":{"line":20,"column":15},"end":{"line":20,"column":16}},"loc":{"start":{"line":20,"column":27},"end":{"line":37,"column":5}},"line":20},"3":{"name":"(anonymous_3)","decl":{"start":{"line":43,"column":44},"end":{"line":43,"column":45}},"loc":{"start":{"line":43,"column":56},"end":{"line":60,"column":5}},"line":43},"4":{"name":"(anonymous_4)","decl":{"start":{"line":62,"column":39},"end":{"line":62,"column":40}},"loc":{"start":{"line":62,"column":51},"end":{"line":74,"column":5}},"line":62},"5":{"name":"(anonymous_5)","decl":{"start":{"line":76,"column":10},"end":{"line":76,"column":11}},"loc":{"start":{"line":76,"column":16},"end":{"line":76,"column":59}},"line":76}},"branchMap":{"0":{"loc":{"start":{"line":29,"column":8},"end":{"line":30,"column":44}},"type":"if","locations":[{"start":{"line":29,"column":8},"end":{"line":30,"column":44}},{"start":{"line":29,"column":8},"end":{"line":30,"column":44}}],"line":29},"1":{"loc":{"start":{"line":56,"column":8},"end":{"line":56,"column":90}},"type":"binary-expr","locations":[{"start":{"line":56,"column":8},"end":{"line":56,"column":31}},{"start":{"line":56,"column":35},"end":{"line":56,"column":90}}],"line":56},"2":{"loc":{"start":{"line":57,"column":8},"end":{"line":57,"column":84}},"type":"binary-expr","locations":[{"start":{"line":57,"column":8},"end":{"line":57,"column":33}},{"start":{"line":57,"column":37},"end":{"line":57,"column":84}}],"line":57}},"s":{"0":1,"1":1,"2":1,"3":1,"4":1,"5":1,"6":1,"7":1,"8":1,"9":1,"10":0,"11":1,"12":1,"13":1,"14":1,"15":0,"16":0,"17":0,"18":0,"19":0,"20":0,"21":0,"22":0,"23":0,"24":0,"25":0,"26":0,"27":0,"28":0,"29":1,"30":0,"31":0,"32":0,"33":0,"34":0,"35":0,"36":0,"37":0,"38":0,"39":0,"40":0,"41":0,"42":0,"43":0,"44":0,"45":1,"46":0,"47":0,"48":0,"49":0,"50":0,"51":0,"52":0,"53":1,"54":0},"f":{"0":1,"1":0,"2":0,"3":0,"4":0,"5":0},"b":{"0":[0,0],"1":[0,0],"2":[0,0]},"_coverageSchema":"43e27e138ebf9cfc5966b082cf9a028302ed4184","hash":"0a179ef92aafd77d8802bc8349fbdacc292afdd9","contentHash":"750086af90764cb0b6fc7723110946d00fe7e1a1e7271a37d2657e1ce1024478"},"/Users/elenarodriguez/bootcamp/collab/skylab-bootcamp-201909/staff/elena-rodriguez/upbeat/upbeat-api/logic/retrieve-musicians/index.js":{"path":"/Users/elenarodriguez/bootcamp/collab/skylab-bootcamp-201909/staff/elena-rodriguez/upbeat/upbeat-api/logic/retrieve-musicians/index.js","statementMap":{"0":{"start":{"line":1,"column":62},"end":{"line":1,"column":84}},"1":{"start":{"line":2,"column":39},"end":{"line":2,"column":61}},"2":{"start":{"line":16,"column":0},"end":{"line":32,"column":1}},"3":{"start":{"line":17,"column":4},"end":{"line":17,"column":23}},"4":{"start":{"line":18,"column":4},"end":{"line":18,"column":37}},"5":{"start":{"line":19,"column":4},"end":{"line":19,"column":80}},"6":{"start":{"line":19,"column":31},"end":{"line":19,"column":80}},"7":{"start":{"line":21,"column":4},"end":{"line":31,"column":8}},"8":{"start":{"line":22,"column":25},"end":{"line":22,"column":48}},"9":{"start":{"line":24,"column":8},"end":{"line":24,"column":78}},"10":{"start":{"line":24,"column":23},"end":{"line":24,"column":78}},"11":{"start":{"line":27,"column":101},"end":{"line":27,"column":109}},"12":{"start":{"line":29,"column":12},"end":{"line":29,"column":119}}},"fnMap":{"0":{"name":"(anonymous_0)","decl":{"start":{"line":16,"column":17},"end":{"line":16,"column":18}},"loc":{"start":{"line":16,"column":31},"end":{"line":32,"column":1}},"line":16},"1":{"name":"(anonymous_1)","decl":{"start":{"line":21,"column":12},"end":{"line":21,"column":13}},"loc":{"start":{"line":21,"column":24},"end":{"line":31,"column":5}},"line":21}},"branchMap":{"0":{"loc":{"start":{"line":19,"column":4},"end":{"line":19,"column":80}},"type":"if","locations":[{"start":{"line":19,"column":4},"end":{"line":19,"column":80}},{"start":{"line":19,"column":4},"end":{"line":19,"column":80}}],"line":19},"1":{"loc":{"start":{"line":24,"column":8},"end":{"line":24,"column":78}},"type":"if","locations":[{"start":{"line":24,"column":8},"end":{"line":24,"column":78}},{"start":{"line":24,"column":8},"end":{"line":24,"column":78}}],"line":24}},"s":{"0":1,"1":1,"2":1,"3":0,"4":0,"5":0,"6":0,"7":0,"8":0,"9":0,"10":0,"11":0,"12":0},"f":{"0":0,"1":0},"b":{"0":[0,0],"1":[0,0]},"_coverageSchema":"43e27e138ebf9cfc5966b082cf9a028302ed4184","hash":"4fe6b6ded3141160f8256c6bc02e7998fc5b92f8","contentHash":"c52c4007b02806faa1fca5eb6205a5e29ec2dde9082072e753313c5a344373f8"}}